09:15:18.412 [Worker-1] INFO  o.a.AndroidAnnotationProcessor:85 - Initialize AndroidAnnotations 3.0.1 with options {phase=BUILD}
09:15:18.462 [Worker-1] INFO  o.a.AndroidAnnotationProcessor:109 - Start processing for 13 annotations on 18 elements
09:15:18.477 [Worker-1] DEBUG o.a.h.AndroidManifestFinder:137 - AndroidManifest.xml file found in parent folder E:\Development\git\MyAndroidProject\MainProject: E:\Development\git\MyAndroidProject\MainProject\AndroidManifest.xml
09:15:18.479 [Worker-1] WARN  o.a.h.AndroidManifestFinder:252 - A class activity declared in the AndroidManifest.xml cannot be found in the compile path: [com.example.testlib.MainActivity1_]
09:15:18.480 [Worker-1] INFO  o.a.AndroidAnnotationProcessor:172 - AndroidManifest.xml found: AndroidManifest [applicationPackage=com.example.mainproject, componentQualifiedNames=[com.example.mainproject.MainActivity_, com.example.mainproject.SettingsActivity, com.example.mainproject.HttpTestActivity_, com.example.mainproject.AnnotationActivity_, com.example.mainproject.SprinklesActivity_], permissionQualifiedNames=[android.permission.INTERNET], applicationClassName=com.example.mainproject.MyApplication_, libraryProject=false, debugabble=false, minSdkVersion=8, maxSdkVersion=-1, targetSdkVersion=18]
09:15:18.481 [Worker-1] INFO  o.a.r.ProjectRClassFinder:50 - Found project R class: com.example.mainproject.R
09:15:18.484 [Worker-1] INFO  o.a.r.AndroidRClassFinder:44 - Found Android class: android.R
09:15:18.800 [Worker-1] INFO  o.a.p.ModelValidator:42 - Validating elements
09:15:18.800 [Worker-1] DEBUG o.a.p.ModelValidator:62 - Validating with EApplicationHandler: [com.example.mainproject.MyApplication]
09:15:18.801 [Worker-1] DEBUG o.a.p.ModelValidator:62 - Validating with EActivityHandler: [com.example.mainproject.AnnotationActivity, com.example.mainproject.SprinklesActivity, com.example.mainproject.MainActivity, com.example.mainproject.HttpTestActivity]
09:15:18.803 [Worker-1] DEBUG o.a.p.ModelValidator:62 - Validating with EFragmentHandler: [com.example.mainproject.MyFragment, com.example.mainproject.LocationSelectFragment]
09:15:18.805 [Worker-1] DEBUG o.a.p.ModelValidator:62 - Validating with ViewByIdHandler: [et_valforedit, et_val, sp_city, sp_province, btn_add, btn_edit, tv_result, et_search, btn_test_notice, sp_district, tv_testfragment, lv_data, tv_result]
09:15:18.809 [Worker-1] DEBUG o.a.p.ModelValidator:62 - Validating with ClickHandler: [void btn_sprinkles() , void testUploadFile() , public void onClick(android.view.View) , void btn_test_notice() , void test_transaction_async() , void testThread() , void btn_edit() , void btn_add() , void testPost() , void test_transaction() , void btn_locationSelect() , void testGet() , void testEntity() ]
09:15:18.813 [Worker-1] DEBUG o.a.p.ModelValidator:62 - Validating with ItemClickHandler: [void lv_dataItemClicked(android.database.Cursor) ]
09:15:18.814 [Worker-1] DEBUG o.a.p.ModelValidator:62 - Validating with ItemLongClickHandler: [void lv_dataItemLongClicked(android.database.Cursor) ]
09:15:18.816 [Worker-1] DEBUG o.a.p.ModelValidator:62 - Validating with SystemServiceHandler: [notificationManager]
09:15:18.816 [Worker-1] DEBUG o.a.p.ModelValidator:62 - Validating with AppHandler: [myApplication]
09:15:18.817 [Worker-1] DEBUG o.a.p.ModelValidator:62 - Validating with TextChangeHandler: [void onTextChangesOnEtSearch() ]
09:15:18.818 [Worker-1] DEBUG o.a.p.ModelValidator:62 - Validating with AfterViewsHandler: [void afterExcute() , void afterView() , void afterViewLoad() , void afterView() , void afterView() , public void afterviewload() ]
09:15:18.819 [Worker-1] DEBUG o.a.p.ModelValidator:62 - Validating with UiThreadHandler: [void testUIThead(int) ]
09:15:18.820 [Worker-1] DEBUG o.a.p.ModelValidator:62 - Validating with BackgroundHandler: [void doSomethingInThead() ]
09:15:18.827 [Worker-1] INFO  o.a.p.ModelProcessor:73 - Processing root elements
09:15:18.827 [Worker-1] DEBUG o.a.p.ModelProcessor:80 - Processing root elements EApplicationHandler: [com.example.mainproject.MyApplication]
09:15:18.848 [Worker-1] DEBUG o.a.p.ModelProcessor:80 - Processing root elements EActivityHandler: [com.example.mainproject.AnnotationActivity, com.example.mainproject.MainActivity, com.example.mainproject.SprinklesActivity, com.example.mainproject.HttpTestActivity]
09:15:18.862 [Worker-1] DEBUG o.a.p.ModelProcessor:80 - Processing root elements EFragmentHandler: [com.example.mainproject.MyFragment, com.example.mainproject.LocationSelectFragment]
09:15:18.864 [Worker-1] INFO  o.a.p.ModelProcessor:104 - Processing enclosed elements
09:15:18.873 [Worker-1] INFO  o.a.AndroidAnnotationProcessor:251 - Number of files generated by AndroidAnnotations: 7
09:15:18.875 [Worker-1] INFO  o.a.g.ApiCodeGenerator:52 - Writting following API classes in project: []
09:15:18.877 [Worker-1] DEBUG o.a.g.SourceCodewriter:55 - Generating class: com.example.mainproject.AnnotationActivity_
09:15:18.885 [Worker-1] DEBUG o.a.g.SourceCodewriter:55 - Generating class: com.example.mainproject.HttpTestActivity_
09:15:18.889 [Worker-1] DEBUG o.a.g.SourceCodewriter:55 - Generating class: com.example.mainproject.LocationSelectFragment_
09:15:18.891 [Worker-1] DEBUG o.a.g.SourceCodewriter:55 - Generating class: com.example.mainproject.MainActivity_
09:15:18.894 [Worker-1] DEBUG o.a.g.SourceCodewriter:55 - Generating class: com.example.mainproject.MyApplication_
09:15:18.896 [Worker-1] DEBUG o.a.g.SourceCodewriter:55 - Generating class: com.example.mainproject.MyFragment_
09:15:18.898 [Worker-1] DEBUG o.a.g.SourceCodewriter:55 - Generating class: com.example.mainproject.SprinklesActivity_
09:15:18.901 [Worker-1] INFO  o.a.p.TimeStats:81 - Time measurements: [Whole Processing = 439 ms], [Process Annotations = 53 ms], [Generate Sources = 28 ms], [Validate Annotations = 21 ms], [Extract Annotations = 14 ms], [Find R Classes = 9 ms], [Extract Manifest = 4 ms], 
09:15:18.902 [Worker-1] INFO  o.a.AndroidAnnotationProcessor:123 - Finish processing
09:15:19.840 [Worker-10] INFO  o.a.AndroidAnnotationProcessor:85 - Initialize AndroidAnnotations 3.0.1 with options {phase=BUILD}
