11:38:22.120 [Daemon] INFO  o.a.AndroidAnnotationProcessor:85 - Initialize AndroidAnnotations 3.0.1 with options {androidManifestFile=E:\Development\github\MyAndroidProject\MyAndroidProject\mainProject\build\manifests\debug\AndroidManifest.xml}
11:38:22.241 [Daemon] INFO  o.a.AndroidAnnotationProcessor:109 - Start processing for 13 annotations on 18 elements
11:38:22.252 [Daemon] DEBUG o.a.h.AndroidManifestFinder:98 - AndroidManifest.xml file found with specified path: E:\Development\github\MyAndroidProject\MyAndroidProject\mainProject\build\manifests\debug\AndroidManifest.xml
11:38:22.474 [Daemon] INFO  o.a.AndroidAnnotationProcessor:172 - AndroidManifest.xml found: AndroidManifest [applicationPackage=com.example.mainproject, componentQualifiedNames=[com.example.mainproject.MainActivity_, com.example.mainproject.SettingsActivity, com.example.mainproject.HttpTestActivity_, com.example.mainproject.AnnotationActivity_, com.example.mainproject.SprinklesActivity_], permissionQualifiedNames=[android.permission.INTERNET], applicationClassName=com.example.mainproject.MyApplication_, libraryProject=false, debugabble=false, minSdkVersion=11, maxSdkVersion=-1, targetSdkVersion=18]
11:38:22.475 [Daemon] INFO  o.a.r.ProjectRClassFinder:50 - Found project R class: com.example.mainproject.R
11:38:22.484 [Daemon] INFO  o.a.r.AndroidRClassFinder:44 - Found Android class: android.R
11:38:22.583 [Daemon] INFO  o.a.p.ModelValidator:42 - Validating elements
11:38:22.584 [Daemon] DEBUG o.a.p.ModelValidator:62 - Validating with EApplicationHandler: [com.example.mainproject.MyApplication]
11:38:22.586 [Daemon] DEBUG o.a.p.ModelValidator:62 - Validating with EActivityHandler: [com.example.mainproject.AnnotationActivity, com.example.mainproject.HttpTestActivity, com.example.mainproject.MainActivity, com.example.mainproject.SprinklesActivity]
11:38:22.598 [Daemon] DEBUG o.a.p.ModelValidator:62 - Validating with EFragmentHandler: [com.example.mainproject.LocationSelectFragment, com.example.mainproject.MyFragment]
11:38:22.600 [Daemon] DEBUG o.a.p.ModelValidator:62 - Validating with ViewByIdHandler: [tv_result, tv_result, sp_province, sp_city, sp_district, tv_testfragment, btn_test_notice, btn_add, et_val, lv_data, et_search, et_valforedit, btn_edit]
11:38:22.624 [Daemon] DEBUG o.a.p.ModelValidator:62 - Validating with ClickHandler: [testThread(), testGet(), testEntity(), testPost(), testUploadFile(), onClick(android.view.View), btn_sprinkles(), btn_locationSelect(), btn_test_notice(), btn_add(), btn_edit(), test_transaction(), test_transaction_async()]
11:38:22.630 [Daemon] DEBUG o.a.p.ModelValidator:62 - Validating with ItemClickHandler: [lv_dataItemClicked(android.database.Cursor)]
11:38:22.632 [Daemon] DEBUG o.a.p.ModelValidator:62 - Validating with ItemLongClickHandler: [lv_dataItemLongClicked(android.database.Cursor)]
11:38:22.633 [Daemon] DEBUG o.a.p.ModelValidator:62 - Validating with SystemServiceHandler: [notificationManager]
11:38:22.634 [Daemon] DEBUG o.a.p.ModelValidator:62 - Validating with AppHandler: [myApplication]
11:38:22.635 [Daemon] DEBUG o.a.p.ModelValidator:62 - Validating with TextChangeHandler: [onTextChangesOnEtSearch()]
11:38:22.636 [Daemon] DEBUG o.a.p.ModelValidator:62 - Validating with AfterViewsHandler: [afterViewLoad(), afterviewload(), afterView(), afterView(), afterView(), afterExcute()]
11:38:22.636 [Daemon] DEBUG o.a.p.ModelValidator:62 - Validating with UiThreadHandler: [testUIThead(int)]
11:38:22.637 [Daemon] DEBUG o.a.p.ModelValidator:62 - Validating with BackgroundHandler: [doSomethingInThead()]
11:38:22.679 [Daemon] INFO  o.a.p.ModelProcessor:73 - Processing root elements
11:38:22.680 [Daemon] DEBUG o.a.p.ModelProcessor:80 - Processing root elements EApplicationHandler: [com.example.mainproject.MyApplication]
11:38:22.712 [Daemon] DEBUG o.a.p.ModelProcessor:80 - Processing root elements EActivityHandler: [com.example.mainproject.MainActivity, com.example.mainproject.HttpTestActivity, com.example.mainproject.AnnotationActivity, com.example.mainproject.SprinklesActivity]
11:38:22.728 [Daemon] DEBUG o.a.p.ModelProcessor:80 - Processing root elements EFragmentHandler: [com.example.mainproject.MyFragment, com.example.mainproject.LocationSelectFragment]
11:38:22.730 [Daemon] INFO  o.a.p.ModelProcessor:104 - Processing enclosed elements
11:38:22.738 [Daemon] INFO  o.a.AndroidAnnotationProcessor:251 - Number of files generated by AndroidAnnotations: 7
11:38:22.740 [Daemon] INFO  o.a.g.ApiCodeGenerator:52 - Writting following API classes in project: []
11:38:22.773 [Daemon] DEBUG o.a.g.SourceCodewriter:55 - Generating class: com.example.mainproject.AnnotationActivity_
11:38:22.808 [Daemon] DEBUG o.a.g.SourceCodewriter:55 - Generating class: com.example.mainproject.HttpTestActivity_
11:38:22.835 [Daemon] DEBUG o.a.g.SourceCodewriter:55 - Generating class: com.example.mainproject.LocationSelectFragment_
11:38:22.875 [Daemon] DEBUG o.a.g.SourceCodewriter:55 - Generating class: com.example.mainproject.MainActivity_
11:38:22.928 [Daemon] DEBUG o.a.g.SourceCodewriter:55 - Generating class: com.example.mainproject.MyApplication_
11:38:22.964 [Daemon] DEBUG o.a.g.SourceCodewriter:55 - Generating class: com.example.mainproject.MyFragment_
11:38:22.982 [Daemon] DEBUG o.a.g.SourceCodewriter:55 - Generating class: com.example.mainproject.SprinklesActivity_
11:38:23.19 [Daemon] INFO  o.a.p.TimeStats:81 - Time measurements: [Whole Processing = 778 ms], [Generate Sources = 281 ms], [Extract Manifest = 223 ms], [Process Annotations = 101 ms], [Validate Annotations = 55 ms], [Find R Classes = 50 ms], [Extract Annotations = 9 ms], 
11:38:23.19 [Daemon] INFO  o.a.AndroidAnnotationProcessor:123 - Finish processing
11:40:19.123 [Daemon] INFO  o.a.AndroidAnnotationProcessor:85 - Initialize AndroidAnnotations 3.0.1 with options {androidManifestFile=E:\Development\github\MyAndroidProject\MyAndroidProject\mainProject\build\manifests\release\AndroidManifest.xml}
11:40:19.169 [Daemon] INFO  o.a.AndroidAnnotationProcessor:109 - Start processing for 13 annotations on 18 elements
11:40:19.179 [Daemon] DEBUG o.a.h.AndroidManifestFinder:98 - AndroidManifest.xml file found with specified path: E:\Development\github\MyAndroidProject\MyAndroidProject\mainProject\build\manifests\release\AndroidManifest.xml
11:40:19.312 [Daemon] INFO  o.a.AndroidAnnotationProcessor:172 - AndroidManifest.xml found: AndroidManifest [applicationPackage=com.example.mainproject, componentQualifiedNames=[com.example.mainproject.MainActivity_, com.example.mainproject.SettingsActivity, com.example.mainproject.HttpTestActivity_, com.example.mainproject.AnnotationActivity_, com.example.mainproject.SprinklesActivity_], permissionQualifiedNames=[android.permission.INTERNET], applicationClassName=com.example.mainproject.MyApplication_, libraryProject=false, debugabble=false, minSdkVersion=11, maxSdkVersion=-1, targetSdkVersion=18]
11:40:19.313 [Daemon] INFO  o.a.r.ProjectRClassFinder:50 - Found project R class: com.example.mainproject.R
11:40:19.316 [Daemon] INFO  o.a.r.AndroidRClassFinder:44 - Found Android class: android.R
11:40:19.330 [Daemon] INFO  o.a.p.ModelValidator:42 - Validating elements
11:40:19.331 [Daemon] DEBUG o.a.p.ModelValidator:62 - Validating with EApplicationHandler: [com.example.mainproject.MyApplication]
11:40:19.332 [Daemon] DEBUG o.a.p.ModelValidator:62 - Validating with EActivityHandler: [com.example.mainproject.AnnotationActivity, com.example.mainproject.HttpTestActivity, com.example.mainproject.MainActivity, com.example.mainproject.SprinklesActivity]
11:40:19.335 [Daemon] DEBUG o.a.p.ModelValidator:62 - Validating with EFragmentHandler: [com.example.mainproject.LocationSelectFragment, com.example.mainproject.MyFragment]
11:40:19.337 [Daemon] DEBUG o.a.p.ModelValidator:62 - Validating with ViewByIdHandler: [tv_result, tv_result, sp_province, sp_city, sp_district, tv_testfragment, btn_test_notice, btn_add, et_val, lv_data, et_search, et_valforedit, btn_edit]
11:40:19.342 [Daemon] DEBUG o.a.p.ModelValidator:62 - Validating with ClickHandler: [testThread(), testGet(), testEntity(), testPost(), testUploadFile(), onClick(android.view.View), btn_sprinkles(), btn_locationSelect(), btn_test_notice(), btn_add(), btn_edit(), test_transaction(), test_transaction_async()]
11:40:19.346 [Daemon] DEBUG o.a.p.ModelValidator:62 - Validating with ItemClickHandler: [lv_dataItemClicked(android.database.Cursor)]
11:40:19.347 [Daemon] DEBUG o.a.p.ModelValidator:62 - Validating with ItemLongClickHandler: [lv_dataItemLongClicked(android.database.Cursor)]
11:40:19.349 [Daemon] DEBUG o.a.p.ModelValidator:62 - Validating with SystemServiceHandler: [notificationManager]
11:40:19.349 [Daemon] DEBUG o.a.p.ModelValidator:62 - Validating with AppHandler: [myApplication]
11:40:19.350 [Daemon] DEBUG o.a.p.ModelValidator:62 - Validating with TextChangeHandler: [onTextChangesOnEtSearch()]
11:40:19.351 [Daemon] DEBUG o.a.p.ModelValidator:62 - Validating with AfterViewsHandler: [afterViewLoad(), afterviewload(), afterView(), afterView(), afterView(), afterExcute()]
11:40:19.352 [Daemon] DEBUG o.a.p.ModelValidator:62 - Validating with UiThreadHandler: [testUIThead(int)]
11:40:19.352 [Daemon] DEBUG o.a.p.ModelValidator:62 - Validating with BackgroundHandler: [doSomethingInThead()]
11:40:19.359 [Daemon] INFO  o.a.p.ModelProcessor:73 - Processing root elements
11:40:19.359 [Daemon] DEBUG o.a.p.ModelProcessor:80 - Processing root elements EApplicationHandler: [com.example.mainproject.MyApplication]
11:40:19.370 [Daemon] DEBUG o.a.p.ModelProcessor:80 - Processing root elements EActivityHandler: [com.example.mainproject.MainActivity, com.example.mainproject.HttpTestActivity, com.example.mainproject.AnnotationActivity, com.example.mainproject.SprinklesActivity]
11:40:19.390 [Daemon] DEBUG o.a.p.ModelProcessor:80 - Processing root elements EFragmentHandler: [com.example.mainproject.LocationSelectFragment, com.example.mainproject.MyFragment]
11:40:19.392 [Daemon] INFO  o.a.p.ModelProcessor:104 - Processing enclosed elements
11:40:19.400 [Daemon] INFO  o.a.AndroidAnnotationProcessor:251 - Number of files generated by AndroidAnnotations: 7
11:40:19.402 [Daemon] INFO  o.a.g.ApiCodeGenerator:52 - Writting following API classes in project: []
11:40:19.403 [Daemon] DEBUG o.a.g.SourceCodewriter:55 - Generating class: com.example.mainproject.AnnotationActivity_
11:40:19.440 [Daemon] DEBUG o.a.g.SourceCodewriter:55 - Generating class: com.example.mainproject.HttpTestActivity_
11:40:19.468 [Daemon] DEBUG o.a.g.SourceCodewriter:55 - Generating class: com.example.mainproject.LocationSelectFragment_
11:40:19.485 [Daemon] DEBUG o.a.g.SourceCodewriter:55 - Generating class: com.example.mainproject.MainActivity_
11:40:19.515 [Daemon] DEBUG o.a.g.SourceCodewriter:55 - Generating class: com.example.mainproject.MyApplication_
11:40:19.524 [Daemon] DEBUG o.a.g.SourceCodewriter:55 - Generating class: com.example.mainproject.MyFragment_
11:40:19.542 [Daemon] DEBUG o.a.g.SourceCodewriter:55 - Generating class: com.example.mainproject.SprinklesActivity_
11:40:19.580 [Daemon] INFO  o.a.p.TimeStats:81 - Time measurements: [Whole Processing = 411 ms], [Generate Sources = 180 ms], [Extract Manifest = 134 ms], [Process Annotations = 47 ms], [Validate Annotations = 23 ms], [Find R Classes = 11 ms], [Extract Annotations = 8 ms], 
11:40:19.581 [Daemon] INFO  o.a.AndroidAnnotationProcessor:123 - Finish processing
14:00:53.480 [Daemon] INFO  o.a.AndroidAnnotationProcessor:85 - Initialize AndroidAnnotations 3.0.1 with options {androidManifestFile=E:\Development\github\MyAndroidProject\MyAndroidProject\mainProject\build\manifests\debug\AndroidManifest.xml}
14:00:53.724 [Daemon] INFO  o.a.AndroidAnnotationProcessor:109 - Start processing for 13 annotations on 18 elements
14:00:53.765 [Daemon] DEBUG o.a.h.AndroidManifestFinder:98 - AndroidManifest.xml file found with specified path: E:\Development\github\MyAndroidProject\MyAndroidProject\mainProject\build\manifests\debug\AndroidManifest.xml
14:00:53.994 [Daemon] INFO  o.a.AndroidAnnotationProcessor:172 - AndroidManifest.xml found: AndroidManifest [applicationPackage=com.example.mainproject, componentQualifiedNames=[com.example.mainproject.MainActivity_, com.example.mainproject.SettingsActivity, com.example.mainproject.HttpTestActivity_, com.example.mainproject.AnnotationActivity_, com.example.mainproject.SprinklesActivity_], permissionQualifiedNames=[android.permission.INTERNET], applicationClassName=com.example.mainproject.MyApplication_, libraryProject=false, debugabble=false, minSdkVersion=11, maxSdkVersion=-1, targetSdkVersion=18]
14:00:53.995 [Daemon] INFO  o.a.r.ProjectRClassFinder:50 - Found project R class: com.example.mainproject.R
14:00:54.18 [Daemon] INFO  o.a.r.AndroidRClassFinder:44 - Found Android class: android.R
14:00:54.82 [Daemon] INFO  o.a.p.ModelValidator:42 - Validating elements
14:00:54.83 [Daemon] DEBUG o.a.p.ModelValidator:62 - Validating with EApplicationHandler: [com.example.mainproject.MyApplication]
14:00:54.84 [Daemon] DEBUG o.a.p.ModelValidator:62 - Validating with EActivityHandler: [com.example.mainproject.AnnotationActivity, com.example.mainproject.HttpTestActivity, com.example.mainproject.MainActivity, com.example.mainproject.SprinklesActivity]
14:00:54.106 [Daemon] DEBUG o.a.p.ModelValidator:62 - Validating with EFragmentHandler: [com.example.mainproject.LocationSelectFragment, com.example.mainproject.MyFragment]
14:00:54.109 [Daemon] DEBUG o.a.p.ModelValidator:62 - Validating with ViewByIdHandler: [tv_result, tv_result, sp_province, sp_city, sp_district, tv_testfragment, btn_test_notice, btn_add, et_val, lv_data, et_search, et_valforedit, btn_edit]
14:00:54.125 [Daemon] DEBUG o.a.p.ModelValidator:62 - Validating with ClickHandler: [testThread(), testGet(), testEntity(), testPost(), testUploadFile(), onClick(android.view.View), btn_sprinkles(), btn_locationSelect(), btn_test_notice(), btn_add(), btn_edit(), test_transaction(), test_transaction_async()]
14:00:54.132 [Daemon] DEBUG o.a.p.ModelValidator:62 - Validating with ItemClickHandler: [lv_dataItemClicked(android.database.Cursor)]
14:00:54.133 [Daemon] DEBUG o.a.p.ModelValidator:62 - Validating with ItemLongClickHandler: [lv_dataItemLongClicked(android.database.Cursor)]
14:00:54.135 [Daemon] DEBUG o.a.p.ModelValidator:62 - Validating with SystemServiceHandler: [notificationManager]
14:00:54.135 [Daemon] DEBUG o.a.p.ModelValidator:62 - Validating with AppHandler: [myApplication]
14:00:54.136 [Daemon] DEBUG o.a.p.ModelValidator:62 - Validating with TextChangeHandler: [onTextChangesOnEtSearch()]
14:00:54.137 [Daemon] DEBUG o.a.p.ModelValidator:62 - Validating with AfterViewsHandler: [afterViewLoad(), afterviewload(), afterView(), afterView(), afterView(), afterExcute()]
14:00:54.138 [Daemon] DEBUG o.a.p.ModelValidator:62 - Validating with UiThreadHandler: [testUIThead(int)]
14:00:54.138 [Daemon] DEBUG o.a.p.ModelValidator:62 - Validating with BackgroundHandler: [doSomethingInThead()]
14:00:54.215 [Daemon] INFO  o.a.p.ModelProcessor:73 - Processing root elements
14:00:54.216 [Daemon] DEBUG o.a.p.ModelProcessor:80 - Processing root elements EApplicationHandler: [com.example.mainproject.MyApplication]
14:00:54.236 [Daemon] DEBUG o.a.p.ModelProcessor:80 - Processing root elements EActivityHandler: [com.example.mainproject.HttpTestActivity, com.example.mainproject.MainActivity, com.example.mainproject.AnnotationActivity, com.example.mainproject.SprinklesActivity]
14:00:54.262 [Daemon] DEBUG o.a.p.ModelProcessor:80 - Processing root elements EFragmentHandler: [com.example.mainproject.MyFragment, com.example.mainproject.LocationSelectFragment]
14:00:54.264 [Daemon] INFO  o.a.p.ModelProcessor:104 - Processing enclosed elements
14:00:54.272 [Daemon] INFO  o.a.AndroidAnnotationProcessor:251 - Number of files generated by AndroidAnnotations: 7
14:00:54.273 [Daemon] INFO  o.a.g.ApiCodeGenerator:52 - Writting following API classes in project: []
14:00:54.275 [Daemon] DEBUG o.a.g.SourceCodewriter:55 - Generating class: com.example.mainproject.AnnotationActivity_
14:00:54.332 [Daemon] DEBUG o.a.g.SourceCodewriter:55 - Generating class: com.example.mainproject.HttpTestActivity_
14:00:54.356 [Daemon] DEBUG o.a.g.SourceCodewriter:55 - Generating class: com.example.mainproject.LocationSelectFragment_
14:00:54.367 [Daemon] DEBUG o.a.g.SourceCodewriter:55 - Generating class: com.example.mainproject.MainActivity_
14:00:54.392 [Daemon] DEBUG o.a.g.SourceCodewriter:55 - Generating class: com.example.mainproject.MyApplication_
14:00:54.397 [Daemon] DEBUG o.a.g.SourceCodewriter:55 - Generating class: com.example.mainproject.MyFragment_
14:00:54.411 [Daemon] DEBUG o.a.g.SourceCodewriter:55 - Generating class: com.example.mainproject.SprinklesActivity_
14:00:54.444 [Daemon] INFO  o.a.p.TimeStats:81 - Time measurements: [Whole Processing = 720 ms], [Extract Manifest = 230 ms], [Generate Sources = 172 ms], [Process Annotations = 133 ms], [Validate Annotations = 57 ms], [Find R Classes = 52 ms], [Extract Annotations = 40 ms], 
14:00:54.444 [Daemon] INFO  o.a.AndroidAnnotationProcessor:123 - Finish processing
14:01:48.490 [Daemon] INFO  o.a.AndroidAnnotationProcessor:85 - Initialize AndroidAnnotations 3.0.1 with options {androidManifestFile=E:\Development\github\MyAndroidProject\MyAndroidProject\mainProject\build\manifests\debug\AndroidManifest.xml}
14:01:48.787 [Daemon] INFO  o.a.AndroidAnnotationProcessor:109 - Start processing for 13 annotations on 18 elements
14:01:48.793 [Daemon] DEBUG o.a.h.AndroidManifestFinder:98 - AndroidManifest.xml file found with specified path: E:\Development\github\MyAndroidProject\MyAndroidProject\mainProject\build\manifests\debug\AndroidManifest.xml
14:01:48.798 [Daemon] INFO  o.a.AndroidAnnotationProcessor:172 - AndroidManifest.xml found: AndroidManifest [applicationPackage=com.example.mainproject, componentQualifiedNames=[com.example.mainproject.MainActivity_, com.example.mainproject.SettingsActivity, com.example.mainproject.HttpTestActivity_, com.example.mainproject.AnnotationActivity_, com.example.mainproject.SprinklesActivity_], permissionQualifiedNames=[android.permission.INTERNET], applicationClassName=com.example.mainproject.MyApplication_, libraryProject=false, debugabble=false, minSdkVersion=11, maxSdkVersion=-1, targetSdkVersion=18]
14:01:48.798 [Daemon] INFO  o.a.r.ProjectRClassFinder:50 - Found project R class: com.example.mainproject.R
14:01:48.800 [Daemon] INFO  o.a.r.AndroidRClassFinder:44 - Found Android class: android.R
14:01:48.813 [Daemon] INFO  o.a.p.ModelValidator:42 - Validating elements
14:01:48.813 [Daemon] DEBUG o.a.p.ModelValidator:62 - Validating with EApplicationHandler: [com.example.mainproject.MyApplication]
14:01:48.814 [Daemon] DEBUG o.a.p.ModelValidator:62 - Validating with EActivityHandler: [com.example.mainproject.AnnotationActivity, com.example.mainproject.HttpTestActivity, com.example.mainproject.MainActivity, com.example.mainproject.SprinklesActivity]
14:01:48.816 [Daemon] DEBUG o.a.p.ModelValidator:62 - Validating with EFragmentHandler: [com.example.mainproject.LocationSelectFragment, com.example.mainproject.MyFragment]
14:01:48.817 [Daemon] DEBUG o.a.p.ModelValidator:62 - Validating with ViewByIdHandler: [tv_result, tv_result, sp_province, sp_city, sp_district, tv_testfragment, btn_test_notice, btn_add, et_val, lv_data, et_search, et_valforedit, btn_edit]
14:01:48.822 [Daemon] DEBUG o.a.p.ModelValidator:62 - Validating with ClickHandler: [testThread(), testGet(), testEntity(), testPost(), testUploadFile(), onClick(android.view.View), btn_sprinkles(), btn_locationSelect(), btn_test_notice(), btn_add(), btn_edit(), test_transaction(), test_transaction_async()]
14:01:48.826 [Daemon] DEBUG o.a.p.ModelValidator:62 - Validating with ItemClickHandler: [lv_dataItemClicked(android.database.Cursor)]
14:01:48.827 [Daemon] DEBUG o.a.p.ModelValidator:62 - Validating with ItemLongClickHandler: [lv_dataItemLongClicked(android.database.Cursor)]
14:01:48.829 [Daemon] DEBUG o.a.p.ModelValidator:62 - Validating with SystemServiceHandler: [notificationManager]
14:01:48.829 [Daemon] DEBUG o.a.p.ModelValidator:62 - Validating with AppHandler: [myApplication]
14:01:48.830 [Daemon] DEBUG o.a.p.ModelValidator:62 - Validating with TextChangeHandler: [onTextChangesOnEtSearch()]
14:01:48.831 [Daemon] DEBUG o.a.p.ModelValidator:62 - Validating with AfterViewsHandler: [afterViewLoad(), afterviewload(), afterView(), afterView(), afterView(), afterExcute()]
14:01:48.831 [Daemon] DEBUG o.a.p.ModelValidator:62 - Validating with UiThreadHandler: [testUIThead(int)]
14:01:48.832 [Daemon] DEBUG o.a.p.ModelValidator:62 - Validating with BackgroundHandler: [doSomethingInThead()]
14:01:48.838 [Daemon] INFO  o.a.p.ModelProcessor:73 - Processing root elements
14:01:48.838 [Daemon] DEBUG o.a.p.ModelProcessor:80 - Processing root elements EApplicationHandler: [com.example.mainproject.MyApplication]
14:01:48.848 [Daemon] DEBUG o.a.p.ModelProcessor:80 - Processing root elements EActivityHandler: [com.example.mainproject.SprinklesActivity, com.example.mainproject.MainActivity, com.example.mainproject.HttpTestActivity, com.example.mainproject.AnnotationActivity]
14:01:48.861 [Daemon] DEBUG o.a.p.ModelProcessor:80 - Processing root elements EFragmentHandler: [com.example.mainproject.LocationSelectFragment, com.example.mainproject.MyFragment]
14:01:48.863 [Daemon] INFO  o.a.p.ModelProcessor:104 - Processing enclosed elements
14:01:48.871 [Daemon] INFO  o.a.AndroidAnnotationProcessor:251 - Number of files generated by AndroidAnnotations: 7
14:01:48.873 [Daemon] INFO  o.a.g.ApiCodeGenerator:52 - Writting following API classes in project: []
14:01:48.874 [Daemon] DEBUG o.a.g.SourceCodewriter:55 - Generating class: com.example.mainproject.AnnotationActivity_
14:01:48.901 [Daemon] DEBUG o.a.g.SourceCodewriter:55 - Generating class: com.example.mainproject.HttpTestActivity_
14:01:48.924 [Daemon] DEBUG o.a.g.SourceCodewriter:55 - Generating class: com.example.mainproject.LocationSelectFragment_
14:01:48.936 [Daemon] DEBUG o.a.g.SourceCodewriter:55 - Generating class: com.example.mainproject.MainActivity_
14:01:48.962 [Daemon] DEBUG o.a.g.SourceCodewriter:55 - Generating class: com.example.mainproject.MyApplication_
14:01:48.966 [Daemon] DEBUG o.a.g.SourceCodewriter:55 - Generating class: com.example.mainproject.MyFragment_
14:01:48.979 [Daemon] DEBUG o.a.g.SourceCodewriter:55 - Generating class: com.example.mainproject.SprinklesActivity_
14:01:49.12 [Daemon] INFO  o.a.p.TimeStats:81 - Time measurements: [Whole Processing = 224 ms], [Generate Sources = 140 ms], [Process Annotations = 39 ms], [Validate Annotations = 20 ms], [Find R Classes = 9 ms], [Extract Annotations = 4 ms], [Extract Manifest = 4 ms], 
14:01:49.12 [Daemon] INFO  o.a.AndroidAnnotationProcessor:123 - Finish processing
14:03:33.176 [Daemon] INFO  o.a.AndroidAnnotationProcessor:85 - Initialize AndroidAnnotations 3.0.1 with options {androidManifestFile=E:\Development\github\MyAndroidProject\MyAndroidProject\mainProject\build\manifests\debug\AndroidManifest.xml}
14:03:33.370 [Daemon] INFO  o.a.AndroidAnnotationProcessor:109 - Start processing for 13 annotations on 18 elements
14:03:33.380 [Daemon] DEBUG o.a.h.AndroidManifestFinder:98 - AndroidManifest.xml file found with specified path: E:\Development\github\MyAndroidProject\MyAndroidProject\mainProject\build\manifests\debug\AndroidManifest.xml
14:03:33.498 [Daemon] INFO  o.a.AndroidAnnotationProcessor:172 - AndroidManifest.xml found: AndroidManifest [applicationPackage=com.example.mainproject, componentQualifiedNames=[com.example.mainproject.MainActivity_, com.example.mainproject.SettingsActivity, com.example.mainproject.HttpTestActivity_, com.example.mainproject.AnnotationActivity_, com.example.mainproject.SprinklesActivity_], permissionQualifiedNames=[android.permission.INTERNET], applicationClassName=com.example.mainproject.MyApplication_, libraryProject=false, debugabble=false, minSdkVersion=11, maxSdkVersion=-1, targetSdkVersion=18]
14:03:33.500 [Daemon] INFO  o.a.r.ProjectRClassFinder:50 - Found project R class: com.example.mainproject.R
14:03:33.503 [Daemon] INFO  o.a.r.AndroidRClassFinder:44 - Found Android class: android.R
14:03:33.521 [Daemon] INFO  o.a.p.ModelValidator:42 - Validating elements
14:03:33.522 [Daemon] DEBUG o.a.p.ModelValidator:62 - Validating with EApplicationHandler: [com.example.mainproject.MyApplication]
14:03:33.523 [Daemon] DEBUG o.a.p.ModelValidator:62 - Validating with EActivityHandler: [com.example.mainproject.AnnotationActivity, com.example.mainproject.HttpTestActivity, com.example.mainproject.MainActivity, com.example.mainproject.SprinklesActivity]
14:03:33.526 [Daemon] DEBUG o.a.p.ModelValidator:62 - Validating with EFragmentHandler: [com.example.mainproject.LocationSelectFragment, com.example.mainproject.MyFragment]
14:03:33.527 [Daemon] DEBUG o.a.p.ModelValidator:62 - Validating with ViewByIdHandler: [tv_result, tv_result, sp_province, sp_city, sp_district, tv_testfragment, btn_test_notice, btn_add, et_val, lv_data, et_search, et_valforedit, btn_edit]
14:03:33.532 [Daemon] DEBUG o.a.p.ModelValidator:62 - Validating with ClickHandler: [testThread(), testGet(), testEntity(), testPost(), testUploadFile(), onClick(android.view.View), btn_sprinkles(), btn_locationSelect(), btn_test_notice(), btn_add(), btn_edit(), test_transaction(), test_transaction_async()]
14:03:33.537 [Daemon] DEBUG o.a.p.ModelValidator:62 - Validating with ItemClickHandler: [lv_dataItemClicked(android.database.Cursor)]
14:03:33.538 [Daemon] DEBUG o.a.p.ModelValidator:62 - Validating with ItemLongClickHandler: [lv_dataItemLongClicked(android.database.Cursor)]
14:03:33.539 [Daemon] DEBUG o.a.p.ModelValidator:62 - Validating with SystemServiceHandler: [notificationManager]
14:03:33.540 [Daemon] DEBUG o.a.p.ModelValidator:62 - Validating with AppHandler: [myApplication]
14:03:33.541 [Daemon] DEBUG o.a.p.ModelValidator:62 - Validating with TextChangeHandler: [onTextChangesOnEtSearch()]
14:03:33.542 [Daemon] DEBUG o.a.p.ModelValidator:62 - Validating with AfterViewsHandler: [afterViewLoad(), afterviewload(), afterView(), afterView(), afterView(), afterExcute()]
14:03:33.542 [Daemon] DEBUG o.a.p.ModelValidator:62 - Validating with UiThreadHandler: [testUIThead(int)]
14:03:33.543 [Daemon] DEBUG o.a.p.ModelValidator:62 - Validating with BackgroundHandler: [doSomethingInThead()]
14:03:33.549 [Daemon] INFO  o.a.p.ModelProcessor:73 - Processing root elements
14:03:33.550 [Daemon] DEBUG o.a.p.ModelProcessor:80 - Processing root elements EApplicationHandler: [com.example.mainproject.MyApplication]
14:03:33.561 [Daemon] DEBUG o.a.p.ModelProcessor:80 - Processing root elements EActivityHandler: [com.example.mainproject.SprinklesActivity, com.example.mainproject.HttpTestActivity, com.example.mainproject.MainActivity, com.example.mainproject.AnnotationActivity]
14:03:33.580 [Daemon] DEBUG o.a.p.ModelProcessor:80 - Processing root elements EFragmentHandler: [com.example.mainproject.MyFragment, com.example.mainproject.LocationSelectFragment]
14:03:33.583 [Daemon] INFO  o.a.p.ModelProcessor:104 - Processing enclosed elements
14:03:33.591 [Daemon] INFO  o.a.AndroidAnnotationProcessor:251 - Number of files generated by AndroidAnnotations: 7
14:03:33.592 [Daemon] INFO  o.a.g.ApiCodeGenerator:52 - Writting following API classes in project: []
14:03:33.593 [Daemon] DEBUG o.a.g.SourceCodewriter:55 - Generating class: com.example.mainproject.AnnotationActivity_
14:03:33.624 [Daemon] DEBUG o.a.g.SourceCodewriter:55 - Generating class: com.example.mainproject.HttpTestActivity_
14:03:33.646 [Daemon] DEBUG o.a.g.SourceCodewriter:55 - Generating class: com.example.mainproject.LocationSelectFragment_
14:03:33.658 [Daemon] DEBUG o.a.g.SourceCodewriter:55 - Generating class: com.example.mainproject.MainActivity_
14:03:33.682 [Daemon] DEBUG o.a.g.SourceCodewriter:55 - Generating class: com.example.mainproject.MyApplication_
14:03:33.686 [Daemon] DEBUG o.a.g.SourceCodewriter:55 - Generating class: com.example.mainproject.MyFragment_
14:03:33.699 [Daemon] DEBUG o.a.g.SourceCodewriter:55 - Generating class: com.example.mainproject.SprinklesActivity_
14:03:33.730 [Daemon] INFO  o.a.p.TimeStats:81 - Time measurements: [Whole Processing = 360 ms], [Generate Sources = 139 ms], [Extract Manifest = 119 ms], [Process Annotations = 48 ms], [Validate Annotations = 22 ms], [Find R Classes = 12 ms], [Extract Annotations = 8 ms], 
14:03:33.731 [Daemon] INFO  o.a.AndroidAnnotationProcessor:123 - Finish processing
14:08:50.384 [Daemon] INFO  o.a.AndroidAnnotationProcessor:85 - Initialize AndroidAnnotations 3.0.1 with options {androidManifestFile=E:\Development\github\MyAndroidProject\MyAndroidProject\mainProject\build\manifests\debug\AndroidManifest.xml}
14:08:50.584 [Daemon] INFO  o.a.AndroidAnnotationProcessor:109 - Start processing for 13 annotations on 18 elements
14:08:50.594 [Daemon] DEBUG o.a.h.AndroidManifestFinder:98 - AndroidManifest.xml file found with specified path: E:\Development\github\MyAndroidProject\MyAndroidProject\mainProject\build\manifests\debug\AndroidManifest.xml
14:08:50.707 [Daemon] INFO  o.a.AndroidAnnotationProcessor:172 - AndroidManifest.xml found: AndroidManifest [applicationPackage=com.example.mainproject, componentQualifiedNames=[com.example.mainproject.MainActivity_, com.example.mainproject.SettingsActivity, com.example.mainproject.HttpTestActivity_, com.example.mainproject.AnnotationActivity_, com.example.mainproject.SprinklesActivity_], permissionQualifiedNames=[android.permission.INTERNET], applicationClassName=com.example.mainproject.MyApplication_, libraryProject=false, debugabble=false, minSdkVersion=11, maxSdkVersion=-1, targetSdkVersion=18]
14:08:50.708 [Daemon] INFO  o.a.r.ProjectRClassFinder:50 - Found project R class: com.example.mainproject.R
14:08:50.711 [Daemon] INFO  o.a.r.AndroidRClassFinder:44 - Found Android class: android.R
14:08:50.726 [Daemon] INFO  o.a.p.ModelValidator:42 - Validating elements
14:08:50.727 [Daemon] DEBUG o.a.p.ModelValidator:62 - Validating with EApplicationHandler: [com.example.mainproject.MyApplication]
14:08:50.727 [Daemon] DEBUG o.a.p.ModelValidator:62 - Validating with EActivityHandler: [com.example.mainproject.AnnotationActivity, com.example.mainproject.HttpTestActivity, com.example.mainproject.MainActivity, com.example.mainproject.SprinklesActivity]
14:08:50.731 [Daemon] DEBUG o.a.p.ModelValidator:62 - Validating with EFragmentHandler: [com.example.mainproject.LocationSelectFragment, com.example.mainproject.MyFragment]
14:08:50.732 [Daemon] DEBUG o.a.p.ModelValidator:62 - Validating with ViewByIdHandler: [tv_result, tv_result, sp_province, sp_city, sp_district, tv_testfragment, btn_test_notice, btn_add, et_val, lv_data, et_search, et_valforedit, btn_edit]
14:08:50.737 [Daemon] DEBUG o.a.p.ModelValidator:62 - Validating with ClickHandler: [testThread(), testGet(), testEntity(), testPost(), testUploadFile(), onClick(android.view.View), btn_sprinkles(), btn_locationSelect(), btn_test_notice(), btn_add(), btn_edit(), test_transaction(), test_transaction_async()]
14:08:50.742 [Daemon] DEBUG o.a.p.ModelValidator:62 - Validating with ItemClickHandler: [lv_dataItemClicked(android.database.Cursor)]
14:08:50.744 [Daemon] DEBUG o.a.p.ModelValidator:62 - Validating with ItemLongClickHandler: [lv_dataItemLongClicked(android.database.Cursor)]
14:08:50.745 [Daemon] DEBUG o.a.p.ModelValidator:62 - Validating with SystemServiceHandler: [notificationManager]
14:08:50.746 [Daemon] DEBUG o.a.p.ModelValidator:62 - Validating with AppHandler: [myApplication]
14:08:50.746 [Daemon] DEBUG o.a.p.ModelValidator:62 - Validating with TextChangeHandler: [onTextChangesOnEtSearch()]
14:08:50.747 [Daemon] DEBUG o.a.p.ModelValidator:62 - Validating with AfterViewsHandler: [afterViewLoad(), afterviewload(), afterView(), afterView(), afterView(), afterExcute()]
14:08:50.748 [Daemon] DEBUG o.a.p.ModelValidator:62 - Validating with UiThreadHandler: [testUIThead(int)]
14:08:50.748 [Daemon] DEBUG o.a.p.ModelValidator:62 - Validating with BackgroundHandler: [doSomethingInThead()]
14:08:50.755 [Daemon] INFO  o.a.p.ModelProcessor:73 - Processing root elements
14:08:50.755 [Daemon] DEBUG o.a.p.ModelProcessor:80 - Processing root elements EApplicationHandler: [com.example.mainproject.MyApplication]
14:08:50.766 [Daemon] DEBUG o.a.p.ModelProcessor:80 - Processing root elements EActivityHandler: [com.example.mainproject.HttpTestActivity, com.example.mainproject.SprinklesActivity, com.example.mainproject.MainActivity, com.example.mainproject.AnnotationActivity]
14:08:50.785 [Daemon] DEBUG o.a.p.ModelProcessor:80 - Processing root elements EFragmentHandler: [com.example.mainproject.LocationSelectFragment, com.example.mainproject.MyFragment]
14:08:50.787 [Daemon] INFO  o.a.p.ModelProcessor:104 - Processing enclosed elements
14:08:50.795 [Daemon] INFO  o.a.AndroidAnnotationProcessor:251 - Number of files generated by AndroidAnnotations: 7
14:08:50.796 [Daemon] INFO  o.a.g.ApiCodeGenerator:52 - Writting following API classes in project: []
14:08:50.798 [Daemon] DEBUG o.a.g.SourceCodewriter:55 - Generating class: com.example.mainproject.AnnotationActivity_
14:08:50.827 [Daemon] DEBUG o.a.g.SourceCodewriter:55 - Generating class: com.example.mainproject.HttpTestActivity_
14:08:50.849 [Daemon] DEBUG o.a.g.SourceCodewriter:55 - Generating class: com.example.mainproject.LocationSelectFragment_
14:08:50.861 [Daemon] DEBUG o.a.g.SourceCodewriter:55 - Generating class: com.example.mainproject.MainActivity_
14:08:50.885 [Daemon] DEBUG o.a.g.SourceCodewriter:55 - Generating class: com.example.mainproject.MyApplication_
14:08:50.888 [Daemon] DEBUG o.a.g.SourceCodewriter:55 - Generating class: com.example.mainproject.MyFragment_
14:08:50.901 [Daemon] DEBUG o.a.g.SourceCodewriter:55 - Generating class: com.example.mainproject.SprinklesActivity_
14:08:50.933 [Daemon] INFO  o.a.p.TimeStats:81 - Time measurements: [Whole Processing = 349 ms], [Generate Sources = 138 ms], [Extract Manifest = 114 ms], [Process Annotations = 46 ms], [Validate Annotations = 23 ms], [Find R Classes = 12 ms], [Extract Annotations = 8 ms], 
14:08:50.934 [Daemon] INFO  o.a.AndroidAnnotationProcessor:123 - Finish processing
14:10:27.705 [Daemon] INFO  o.a.AndroidAnnotationProcessor:85 - Initialize AndroidAnnotations 3.0.1 with options {androidManifestFile=E:\Development\github\MyAndroidProject\MyAndroidProject\mainProject\build\manifests\debug\AndroidManifest.xml}
14:10:27.898 [Daemon] INFO  o.a.AndroidAnnotationProcessor:109 - Start processing for 13 annotations on 18 elements
14:10:27.908 [Daemon] DEBUG o.a.h.AndroidManifestFinder:98 - AndroidManifest.xml file found with specified path: E:\Development\github\MyAndroidProject\MyAndroidProject\mainProject\build\manifests\debug\AndroidManifest.xml
14:10:28.16 [Daemon] INFO  o.a.AndroidAnnotationProcessor:172 - AndroidManifest.xml found: AndroidManifest [applicationPackage=com.example.mainproject, componentQualifiedNames=[com.example.mainproject.MainActivity_, com.example.mainproject.SettingsActivity, com.example.mainproject.HttpTestActivity_, com.example.mainproject.AnnotationActivity_, com.example.mainproject.SprinklesActivity_], permissionQualifiedNames=[android.permission.INTERNET], applicationClassName=com.example.mainproject.MyApplication_, libraryProject=false, debugabble=false, minSdkVersion=11, maxSdkVersion=-1, targetSdkVersion=18]
14:10:28.17 [Daemon] INFO  o.a.r.ProjectRClassFinder:50 - Found project R class: com.example.mainproject.R
14:10:28.20 [Daemon] INFO  o.a.r.AndroidRClassFinder:44 - Found Android class: android.R
14:10:28.34 [Daemon] INFO  o.a.p.ModelValidator:42 - Validating elements
14:10:28.34 [Daemon] DEBUG o.a.p.ModelValidator:62 - Validating with EApplicationHandler: [com.example.mainproject.MyApplication]
14:10:28.35 [Daemon] DEBUG o.a.p.ModelValidator:62 - Validating with EActivityHandler: [com.example.mainproject.AnnotationActivity, com.example.mainproject.HttpTestActivity, com.example.mainproject.MainActivity, com.example.mainproject.SprinklesActivity]
14:10:28.38 [Daemon] DEBUG o.a.p.ModelValidator:62 - Validating with EFragmentHandler: [com.example.mainproject.LocationSelectFragment, com.example.mainproject.MyFragment]
14:10:28.40 [Daemon] DEBUG o.a.p.ModelValidator:62 - Validating with ViewByIdHandler: [tv_result, tv_result, sp_province, sp_city, sp_district, tv_testfragment, btn_test_notice, btn_add, et_val, lv_data, et_search, et_valforedit, btn_edit]
14:10:28.44 [Daemon] DEBUG o.a.p.ModelValidator:62 - Validating with ClickHandler: [testThread(), testGet(), testEntity(), testPost(), testUploadFile(), onClick(android.view.View), btn_sprinkles(), btn_locationSelect(), btn_test_notice(), btn_add(), btn_edit(), test_transaction(), test_transaction_async()]
14:10:28.49 [Daemon] DEBUG o.a.p.ModelValidator:62 - Validating with ItemClickHandler: [lv_dataItemClicked(android.database.Cursor)]
14:10:28.51 [Daemon] DEBUG o.a.p.ModelValidator:62 - Validating with ItemLongClickHandler: [lv_dataItemLongClicked(android.database.Cursor)]
14:10:28.52 [Daemon] DEBUG o.a.p.ModelValidator:62 - Validating with SystemServiceHandler: [notificationManager]
14:10:28.53 [Daemon] DEBUG o.a.p.ModelValidator:62 - Validating with AppHandler: [myApplication]
14:10:28.53 [Daemon] DEBUG o.a.p.ModelValidator:62 - Validating with TextChangeHandler: [onTextChangesOnEtSearch()]
14:10:28.54 [Daemon] DEBUG o.a.p.ModelValidator:62 - Validating with AfterViewsHandler: [afterViewLoad(), afterviewload(), afterView(), afterView(), afterView(), afterExcute()]
14:10:28.55 [Daemon] DEBUG o.a.p.ModelValidator:62 - Validating with UiThreadHandler: [testUIThead(int)]
14:10:28.56 [Daemon] DEBUG o.a.p.ModelValidator:62 - Validating with BackgroundHandler: [doSomethingInThead()]
14:10:28.62 [Daemon] INFO  o.a.p.ModelProcessor:73 - Processing root elements
14:10:28.62 [Daemon] DEBUG o.a.p.ModelProcessor:80 - Processing root elements EApplicationHandler: [com.example.mainproject.MyApplication]
14:10:28.73 [Daemon] DEBUG o.a.p.ModelProcessor:80 - Processing root elements EActivityHandler: [com.example.mainproject.SprinklesActivity, com.example.mainproject.MainActivity, com.example.mainproject.AnnotationActivity, com.example.mainproject.HttpTestActivity]
14:10:28.92 [Daemon] DEBUG o.a.p.ModelProcessor:80 - Processing root elements EFragmentHandler: [com.example.mainproject.LocationSelectFragment, com.example.mainproject.MyFragment]
14:10:28.94 [Daemon] INFO  o.a.p.ModelProcessor:104 - Processing enclosed elements
14:10:28.102 [Daemon] INFO  o.a.AndroidAnnotationProcessor:251 - Number of files generated by AndroidAnnotations: 7
14:10:28.104 [Daemon] INFO  o.a.g.ApiCodeGenerator:52 - Writting following API classes in project: []
14:10:28.105 [Daemon] DEBUG o.a.g.SourceCodewriter:55 - Generating class: com.example.mainproject.AnnotationActivity_
14:10:28.134 [Daemon] DEBUG o.a.g.SourceCodewriter:55 - Generating class: com.example.mainproject.HttpTestActivity_
14:10:28.157 [Daemon] DEBUG o.a.g.SourceCodewriter:55 - Generating class: com.example.mainproject.LocationSelectFragment_
14:10:28.168 [Daemon] DEBUG o.a.g.SourceCodewriter:55 - Generating class: com.example.mainproject.MainActivity_
14:10:28.193 [Daemon] DEBUG o.a.g.SourceCodewriter:55 - Generating class: com.example.mainproject.MyApplication_
14:10:28.197 [Daemon] DEBUG o.a.g.SourceCodewriter:55 - Generating class: com.example.mainproject.MyFragment_
14:10:28.209 [Daemon] DEBUG o.a.g.SourceCodewriter:55 - Generating class: com.example.mainproject.SprinklesActivity_
14:10:28.240 [Daemon] INFO  o.a.p.TimeStats:81 - Time measurements: [Whole Processing = 342 ms], [Generate Sources = 138 ms], [Extract Manifest = 109 ms], [Process Annotations = 46 ms], [Validate Annotations = 23 ms], [Find R Classes = 12 ms], [Extract Annotations = 9 ms], 
14:10:28.241 [Daemon] INFO  o.a.AndroidAnnotationProcessor:123 - Finish processing
14:11:25.457 [Daemon] INFO  o.a.AndroidAnnotationProcessor:85 - Initialize AndroidAnnotations 3.0.1 with options {androidManifestFile=E:\Development\github\MyAndroidProject\MyAndroidProject\mainProject\build\manifests\debug\AndroidManifest.xml}
14:11:25.729 [Daemon] INFO  o.a.AndroidAnnotationProcessor:109 - Start processing for 13 annotations on 18 elements
14:11:25.735 [Daemon] DEBUG o.a.h.AndroidManifestFinder:98 - AndroidManifest.xml file found with specified path: E:\Development\github\MyAndroidProject\MyAndroidProject\mainProject\build\manifests\debug\AndroidManifest.xml
14:11:25.739 [Daemon] INFO  o.a.AndroidAnnotationProcessor:172 - AndroidManifest.xml found: AndroidManifest [applicationPackage=com.example.mainproject, componentQualifiedNames=[com.example.mainproject.MainActivity_, com.example.mainproject.SettingsActivity, com.example.mainproject.HttpTestActivity_, com.example.mainproject.AnnotationActivity_, com.example.mainproject.SprinklesActivity_], permissionQualifiedNames=[android.permission.INTERNET], applicationClassName=com.example.mainproject.MyApplication_, libraryProject=false, debugabble=false, minSdkVersion=11, maxSdkVersion=-1, targetSdkVersion=18]
14:11:25.740 [Daemon] INFO  o.a.r.ProjectRClassFinder:50 - Found project R class: com.example.mainproject.R
14:11:25.742 [Daemon] INFO  o.a.r.AndroidRClassFinder:44 - Found Android class: android.R
14:11:25.754 [Daemon] INFO  o.a.p.ModelValidator:42 - Validating elements
14:11:25.755 [Daemon] DEBUG o.a.p.ModelValidator:62 - Validating with EApplicationHandler: [com.example.mainproject.MyApplication]
14:11:25.755 [Daemon] DEBUG o.a.p.ModelValidator:62 - Validating with EActivityHandler: [com.example.mainproject.AnnotationActivity, com.example.mainproject.HttpTestActivity, com.example.mainproject.MainActivity, com.example.mainproject.SprinklesActivity]
14:11:25.758 [Daemon] DEBUG o.a.p.ModelValidator:62 - Validating with EFragmentHandler: [com.example.mainproject.LocationSelectFragment, com.example.mainproject.MyFragment]
14:11:25.759 [Daemon] DEBUG o.a.p.ModelValidator:62 - Validating with ViewByIdHandler: [tv_result, tv_result, sp_province, sp_city, sp_district, tv_testfragment, btn_test_notice, btn_add, et_val, lv_data, et_search, et_valforedit, btn_edit]
14:11:25.763 [Daemon] DEBUG o.a.p.ModelValidator:62 - Validating with ClickHandler: [testThread(), testGet(), testEntity(), testPost(), testUploadFile(), onClick(android.view.View), btn_sprinkles(), btn_locationSelect(), btn_test_notice(), btn_add(), btn_edit(), test_transaction(), test_transaction_async()]
14:11:25.768 [Daemon] DEBUG o.a.p.ModelValidator:62 - Validating with ItemClickHandler: [lv_dataItemClicked(android.database.Cursor)]
14:11:25.769 [Daemon] DEBUG o.a.p.ModelValidator:62 - Validating with ItemLongClickHandler: [lv_dataItemLongClicked(android.database.Cursor)]
14:11:25.770 [Daemon] DEBUG o.a.p.ModelValidator:62 - Validating with SystemServiceHandler: [notificationManager]
14:11:25.771 [Daemon] DEBUG o.a.p.ModelValidator:62 - Validating with AppHandler: [myApplication]
14:11:25.771 [Daemon] DEBUG o.a.p.ModelValidator:62 - Validating with TextChangeHandler: [onTextChangesOnEtSearch()]
14:11:25.772 [Daemon] DEBUG o.a.p.ModelValidator:62 - Validating with AfterViewsHandler: [afterViewLoad(), afterviewload(), afterView(), afterView(), afterView(), afterExcute()]
14:11:25.773 [Daemon] DEBUG o.a.p.ModelValidator:62 - Validating with UiThreadHandler: [testUIThead(int)]
14:11:25.773 [Daemon] DEBUG o.a.p.ModelValidator:62 - Validating with BackgroundHandler: [doSomethingInThead()]
14:11:25.779 [Daemon] INFO  o.a.p.ModelProcessor:73 - Processing root elements
14:11:25.780 [Daemon] DEBUG o.a.p.ModelProcessor:80 - Processing root elements EApplicationHandler: [com.example.mainproject.MyApplication]
14:11:25.790 [Daemon] DEBUG o.a.p.ModelProcessor:80 - Processing root elements EActivityHandler: [com.example.mainproject.MainActivity, com.example.mainproject.AnnotationActivity, com.example.mainproject.HttpTestActivity, com.example.mainproject.SprinklesActivity]
14:11:25.803 [Daemon] DEBUG o.a.p.ModelProcessor:80 - Processing root elements EFragmentHandler: [com.example.mainproject.MyFragment, com.example.mainproject.LocationSelectFragment]
14:11:25.805 [Daemon] INFO  o.a.p.ModelProcessor:104 - Processing enclosed elements
14:11:25.812 [Daemon] INFO  o.a.AndroidAnnotationProcessor:251 - Number of files generated by AndroidAnnotations: 7
14:11:25.814 [Daemon] INFO  o.a.g.ApiCodeGenerator:52 - Writting following API classes in project: []
14:11:25.816 [Daemon] DEBUG o.a.g.SourceCodewriter:55 - Generating class: com.example.mainproject.AnnotationActivity_
14:11:25.842 [Daemon] DEBUG o.a.g.SourceCodewriter:55 - Generating class: com.example.mainproject.HttpTestActivity_
14:11:25.864 [Daemon] DEBUG o.a.g.SourceCodewriter:55 - Generating class: com.example.mainproject.LocationSelectFragment_
14:11:25.875 [Daemon] DEBUG o.a.g.SourceCodewriter:55 - Generating class: com.example.mainproject.MainActivity_
14:11:25.900 [Daemon] DEBUG o.a.g.SourceCodewriter:55 - Generating class: com.example.mainproject.MyApplication_
14:11:25.904 [Daemon] DEBUG o.a.g.SourceCodewriter:55 - Generating class: com.example.mainproject.MyFragment_
14:11:25.917 [Daemon] DEBUG o.a.g.SourceCodewriter:55 - Generating class: com.example.mainproject.SprinklesActivity_
14:11:25.949 [Daemon] INFO  o.a.p.TimeStats:81 - Time measurements: [Whole Processing = 219 ms], [Generate Sources = 136 ms], [Process Annotations = 39 ms], [Validate Annotations = 19 ms], [Find R Classes = 9 ms], [Extract Manifest = 5 ms], [Extract Annotations = 4 ms], 
14:11:25.949 [Daemon] INFO  o.a.AndroidAnnotationProcessor:123 - Finish processing
14:11:45.409 [Daemon] INFO  o.a.AndroidAnnotationProcessor:85 - Initialize AndroidAnnotations 3.0.1 with options {androidManifestFile=E:\Development\github\MyAndroidProject\MyAndroidProject\mainProject\build\manifests\debug\AndroidManifest.xml}
14:11:45.450 [Daemon] INFO  o.a.AndroidAnnotationProcessor:109 - Start processing for 13 annotations on 18 elements
14:11:45.455 [Daemon] DEBUG o.a.h.AndroidManifestFinder:98 - AndroidManifest.xml file found with specified path: E:\Development\github\MyAndroidProject\MyAndroidProject\mainProject\build\manifests\debug\AndroidManifest.xml
14:11:45.459 [Daemon] INFO  o.a.AndroidAnnotationProcessor:172 - AndroidManifest.xml found: AndroidManifest [applicationPackage=com.example.mainproject, componentQualifiedNames=[com.example.mainproject.MainActivity_, com.example.mainproject.SettingsActivity, com.example.mainproject.HttpTestActivity_, com.example.mainproject.AnnotationActivity_, com.example.mainproject.SprinklesActivity_], permissionQualifiedNames=[android.permission.INTERNET], applicationClassName=com.example.mainproject.MyApplication_, libraryProject=false, debugabble=false, minSdkVersion=11, maxSdkVersion=-1, targetSdkVersion=18]
14:11:45.460 [Daemon] INFO  o.a.r.ProjectRClassFinder:50 - Found project R class: com.example.mainproject.R
14:11:45.462 [Daemon] INFO  o.a.r.AndroidRClassFinder:44 - Found Android class: android.R
14:11:45.474 [Daemon] INFO  o.a.p.ModelValidator:42 - Validating elements
14:11:45.475 [Daemon] DEBUG o.a.p.ModelValidator:62 - Validating with EApplicationHandler: [com.example.mainproject.MyApplication]
14:11:45.476 [Daemon] DEBUG o.a.p.ModelValidator:62 - Validating with EActivityHandler: [com.example.mainproject.AnnotationActivity, com.example.mainproject.HttpTestActivity, com.example.mainproject.MainActivity, com.example.mainproject.SprinklesActivity]
14:11:45.477 [Daemon] DEBUG o.a.p.ModelValidator:62 - Validating with EFragmentHandler: [com.example.mainproject.LocationSelectFragment, com.example.mainproject.MyFragment]
14:11:45.479 [Daemon] DEBUG o.a.p.ModelValidator:62 - Validating with ViewByIdHandler: [tv_result, tv_result, sp_province, sp_city, sp_district, tv_testfragment, btn_test_notice, btn_add, et_val, lv_data, et_search, et_valforedit, btn_edit]
14:11:45.483 [Daemon] DEBUG o.a.p.ModelValidator:62 - Validating with ClickHandler: [testThread(), testGet(), testEntity(), testPost(), testUploadFile(), onClick(android.view.View), btn_sprinkles(), btn_locationSelect(), btn_test_notice(), btn_add(), btn_edit(), test_transaction(), test_transaction_async()]
14:11:45.487 [Daemon] DEBUG o.a.p.ModelValidator:62 - Validating with ItemClickHandler: [lv_dataItemClicked(android.database.Cursor)]
14:11:45.488 [Daemon] DEBUG o.a.p.ModelValidator:62 - Validating with ItemLongClickHandler: [lv_dataItemLongClicked(android.database.Cursor)]
14:11:45.489 [Daemon] DEBUG o.a.p.ModelValidator:62 - Validating with SystemServiceHandler: [notificationManager]
14:11:45.490 [Daemon] DEBUG o.a.p.ModelValidator:62 - Validating with AppHandler: [myApplication]
14:11:45.490 [Daemon] DEBUG o.a.p.ModelValidator:62 - Validating with TextChangeHandler: [onTextChangesOnEtSearch()]
14:11:45.491 [Daemon] DEBUG o.a.p.ModelValidator:62 - Validating with AfterViewsHandler: [afterViewLoad(), afterviewload(), afterView(), afterView(), afterView(), afterExcute()]
14:11:45.492 [Daemon] DEBUG o.a.p.ModelValidator:62 - Validating with UiThreadHandler: [testUIThead(int)]
14:11:45.492 [Daemon] DEBUG o.a.p.ModelValidator:62 - Validating with BackgroundHandler: [doSomethingInThead()]
14:11:45.498 [Daemon] INFO  o.a.p.ModelProcessor:73 - Processing root elements
14:11:45.499 [Daemon] DEBUG o.a.p.ModelProcessor:80 - Processing root elements EApplicationHandler: [com.example.mainproject.MyApplication]
14:11:45.509 [Daemon] DEBUG o.a.p.ModelProcessor:80 - Processing root elements EActivityHandler: [com.example.mainproject.HttpTestActivity, com.example.mainproject.SprinklesActivity, com.example.mainproject.MainActivity, com.example.mainproject.AnnotationActivity]
14:11:45.521 [Daemon] DEBUG o.a.p.ModelProcessor:80 - Processing root elements EFragmentHandler: [com.example.mainproject.LocationSelectFragment, com.example.mainproject.MyFragment]
14:11:45.523 [Daemon] INFO  o.a.p.ModelProcessor:104 - Processing enclosed elements
14:11:45.530 [Daemon] INFO  o.a.AndroidAnnotationProcessor:251 - Number of files generated by AndroidAnnotations: 7
14:11:45.532 [Daemon] INFO  o.a.g.ApiCodeGenerator:52 - Writting following API classes in project: []
14:11:45.533 [Daemon] DEBUG o.a.g.SourceCodewriter:55 - Generating class: com.example.mainproject.AnnotationActivity_
14:11:45.584 [Daemon] DEBUG o.a.g.SourceCodewriter:55 - Generating class: com.example.mainproject.HttpTestActivity_
14:11:45.605 [Daemon] DEBUG o.a.g.SourceCodewriter:55 - Generating class: com.example.mainproject.LocationSelectFragment_
14:11:45.617 [Daemon] DEBUG o.a.g.SourceCodewriter:55 - Generating class: com.example.mainproject.MainActivity_
14:11:45.642 [Daemon] DEBUG o.a.g.SourceCodewriter:55 - Generating class: com.example.mainproject.MyApplication_
14:11:45.646 [Daemon] DEBUG o.a.g.SourceCodewriter:55 - Generating class: com.example.mainproject.MyFragment_
14:11:45.659 [Daemon] DEBUG o.a.g.SourceCodewriter:55 - Generating class: com.example.mainproject.SprinklesActivity_
14:11:45.690 [Daemon] INFO  o.a.p.TimeStats:81 - Time measurements: [Whole Processing = 240 ms], [Generate Sources = 160 ms], [Process Annotations = 37 ms], [Validate Annotations = 19 ms], [Find R Classes = 9 ms], [Extract Manifest = 4 ms], [Extract Annotations = 3 ms], 
14:11:45.691 [Daemon] INFO  o.a.AndroidAnnotationProcessor:123 - Finish processing
09:53:19.474 [Daemon] INFO  o.a.AndroidAnnotationProcessor:85 - Initialize AndroidAnnotations 3.0.1 with options {androidManifestFile=E:\Development\github\MyAndroidProject\MyAndroidProject\mainProject\build\manifests\release\AndroidManifest.xml}
09:53:19.785 [Daemon] INFO  o.a.AndroidAnnotationProcessor:109 - Start processing for 13 annotations on 18 elements
09:53:19.817 [Daemon] DEBUG o.a.h.AndroidManifestFinder:98 - AndroidManifest.xml file found with specified path: E:\Development\github\MyAndroidProject\MyAndroidProject\mainProject\build\manifests\release\AndroidManifest.xml
09:53:20.43 [Daemon] INFO  o.a.AndroidAnnotationProcessor:172 - AndroidManifest.xml found: AndroidManifest [applicationPackage=com.example.mainproject, componentQualifiedNames=[com.example.mainproject.MainActivity_, com.example.mainproject.SettingsActivity, com.example.mainproject.HttpTestActivity_, com.example.mainproject.AnnotationActivity_, com.example.mainproject.SprinklesActivity_], permissionQualifiedNames=[android.permission.INTERNET], applicationClassName=com.example.mainproject.MyApplication_, libraryProject=false, debugabble=false, minSdkVersion=11, maxSdkVersion=-1, targetSdkVersion=18]
09:53:20.44 [Daemon] INFO  o.a.r.ProjectRClassFinder:50 - Found project R class: com.example.mainproject.R
09:53:20.69 [Daemon] INFO  o.a.r.AndroidRClassFinder:44 - Found Android class: android.R
09:53:20.184 [Daemon] INFO  o.a.p.ModelValidator:42 - Validating elements
09:53:20.184 [Daemon] DEBUG o.a.p.ModelValidator:62 - Validating with EApplicationHandler: [com.example.mainproject.MyApplication]
09:53:20.185 [Daemon] DEBUG o.a.p.ModelValidator:62 - Validating with EActivityHandler: [com.example.mainproject.AnnotationActivity, com.example.mainproject.HttpTestActivity, com.example.mainproject.MainActivity, com.example.mainproject.SprinklesActivity]
09:53:20.198 [Daemon] DEBUG o.a.p.ModelValidator:62 - Validating with EFragmentHandler: [com.example.mainproject.LocationSelectFragment, com.example.mainproject.MyFragment]
09:53:20.225 [Daemon] DEBUG o.a.p.ModelValidator:62 - Validating with ViewByIdHandler: [tv_result, tv_result, sp_province, sp_city, sp_district, tv_testfragment, btn_test_notice, btn_add, et_val, lv_data, et_search, et_valforedit, btn_edit]
09:53:20.251 [Daemon] DEBUG o.a.p.ModelValidator:62 - Validating with ClickHandler: [testThread(), testGet(), testEntity(), testPost(), testUploadFile(), onClick(android.view.View), btn_sprinkles(), btn_locationSelect(), btn_test_notice(), btn_add(), btn_edit(), test_transaction(), test_transaction_async()]
09:53:20.257 [Daemon] DEBUG o.a.p.ModelValidator:62 - Validating with ItemClickHandler: [lv_dataItemClicked(android.database.Cursor)]
09:53:20.259 [Daemon] DEBUG o.a.p.ModelValidator:62 - Validating with ItemLongClickHandler: [lv_dataItemLongClicked(android.database.Cursor)]
09:53:20.261 [Daemon] DEBUG o.a.p.ModelValidator:62 - Validating with SystemServiceHandler: [notificationManager]
09:53:20.262 [Daemon] DEBUG o.a.p.ModelValidator:62 - Validating with AppHandler: [myApplication]
09:53:20.263 [Daemon] DEBUG o.a.p.ModelValidator:62 - Validating with TextChangeHandler: [onTextChangesOnEtSearch()]
09:53:20.264 [Daemon] DEBUG o.a.p.ModelValidator:62 - Validating with AfterViewsHandler: [afterViewLoad(), afterviewload(), afterView(), afterView(), afterView(), afterExcute()]
09:53:20.265 [Daemon] DEBUG o.a.p.ModelValidator:62 - Validating with UiThreadHandler: [testUIThead(int)]
09:53:20.266 [Daemon] DEBUG o.a.p.ModelValidator:62 - Validating with BackgroundHandler: [doSomethingInThead()]
09:53:20.304 [Daemon] INFO  o.a.p.ModelProcessor:73 - Processing root elements
09:53:20.305 [Daemon] DEBUG o.a.p.ModelProcessor:80 - Processing root elements EApplicationHandler: [com.example.mainproject.MyApplication]
09:53:20.320 [Daemon] DEBUG o.a.p.ModelProcessor:80 - Processing root elements EActivityHandler: [com.example.mainproject.MainActivity, com.example.mainproject.SprinklesActivity, com.example.mainproject.AnnotationActivity, com.example.mainproject.HttpTestActivity]
09:53:20.342 [Daemon] DEBUG o.a.p.ModelProcessor:80 - Processing root elements EFragmentHandler: [com.example.mainproject.MyFragment, com.example.mainproject.LocationSelectFragment]
09:53:20.344 [Daemon] INFO  o.a.p.ModelProcessor:104 - Processing enclosed elements
09:53:20.352 [Daemon] INFO  o.a.AndroidAnnotationProcessor:251 - Number of files generated by AndroidAnnotations: 7
09:53:20.353 [Daemon] INFO  o.a.g.ApiCodeGenerator:52 - Writting following API classes in project: []
09:53:20.355 [Daemon] DEBUG o.a.g.SourceCodewriter:55 - Generating class: com.example.mainproject.AnnotationActivity_
09:53:20.391 [Daemon] DEBUG o.a.g.SourceCodewriter:55 - Generating class: com.example.mainproject.HttpTestActivity_
09:53:20.414 [Daemon] DEBUG o.a.g.SourceCodewriter:55 - Generating class: com.example.mainproject.LocationSelectFragment_
09:53:20.426 [Daemon] DEBUG o.a.g.SourceCodewriter:55 - Generating class: com.example.mainproject.MainActivity_
09:53:20.451 [Daemon] DEBUG o.a.g.SourceCodewriter:55 - Generating class: com.example.mainproject.MyApplication_
09:53:20.455 [Daemon] DEBUG o.a.g.SourceCodewriter:55 - Generating class: com.example.mainproject.MyFragment_
09:53:20.468 [Daemon] DEBUG o.a.g.SourceCodewriter:55 - Generating class: com.example.mainproject.SprinklesActivity_
09:53:20.500 [Daemon] INFO  o.a.p.TimeStats:81 - Time measurements: [Whole Processing = 715 ms], [Extract Manifest = 228 ms], [Generate Sources = 149 ms], [Validate Annotations = 84 ms], [Process Annotations = 84 ms], [Find R Classes = 67 ms], [Extract Annotations = 29 ms], 
09:53:20.501 [Daemon] INFO  o.a.AndroidAnnotationProcessor:123 - Finish processing
11:09:01.722 [Daemon] INFO  o.a.AndroidAnnotationProcessor:85 - Initialize AndroidAnnotations 3.0.1 with options {androidManifestFile=E:\Development\github\MyAndroidProject\MyAndroidProject\mainProject\build\manifests\debug\AndroidManifest.xml}
11:09:01.992 [Daemon] INFO  o.a.AndroidAnnotationProcessor:109 - Start processing for 13 annotations on 20 elements
11:09:02.14 [Daemon] DEBUG o.a.h.AndroidManifestFinder:98 - AndroidManifest.xml file found with specified path: E:\Development\github\MyAndroidProject\MyAndroidProject\mainProject\build\manifests\debug\AndroidManifest.xml
11:09:02.188 [Daemon] INFO  o.a.AndroidAnnotationProcessor:172 - AndroidManifest.xml found: AndroidManifest [applicationPackage=com.example.mainproject, componentQualifiedNames=[com.example.mainproject.MainActivity_, com.example.mainproject.SettingsActivity, com.example.mainproject.HttpTestActivity_, com.example.mainproject.AnnotationActivity_, com.example.mainproject.SprinklesActivity_, com.example.mainproject.test.MainActivityTest], permissionQualifiedNames=[android.permission.INTERNET], applicationClassName=com.example.mainproject.MyApplication_, libraryProject=false, debugabble=false, minSdkVersion=11, maxSdkVersion=-1, targetSdkVersion=18]
11:09:02.189 [Daemon] INFO  o.a.r.ProjectRClassFinder:50 - Found project R class: com.example.mainproject.R
11:09:02.203 [Daemon] INFO  o.a.r.AndroidRClassFinder:44 - Found Android class: android.R
11:09:02.266 [Daemon] INFO  o.a.p.ModelValidator:42 - Validating elements
11:09:02.267 [Daemon] DEBUG o.a.p.ModelValidator:62 - Validating with EApplicationHandler: [com.example.mainproject.MyApplication]
11:09:02.268 [Daemon] DEBUG o.a.p.ModelValidator:62 - Validating with EActivityHandler: [com.example.mainproject.AnnotationActivity, com.example.mainproject.HttpTestActivity, com.example.mainproject.MainActivity, com.example.mainproject.SprinklesActivity]
11:09:02.280 [Daemon] DEBUG o.a.p.ModelValidator:62 - Validating with EFragmentHandler: [com.example.mainproject.LocationSelectFragment, com.example.mainproject.MyFragment]
11:09:02.282 [Daemon] DEBUG o.a.p.ModelValidator:62 - Validating with ViewByIdHandler: [tv_result, tv_result, sp_province, sp_city, sp_district, tv_testfragment, btn_test_notice, btn_add, et_val, lv_data, et_search, et_valforedit, btn_edit]
11:09:02.298 [Daemon] DEBUG o.a.p.ModelValidator:62 - Validating with ClickHandler: [testThread(), testGet(), testEntity(), testPost(), testUploadFile(), onClick(android.view.View), btn_sprinkles(), btn_locationSelect(), btn_test_notice(), btn_add(), btn_edit(), test_transaction(), test_transaction_async()]
11:09:02.305 [Daemon] DEBUG o.a.p.ModelValidator:62 - Validating with ItemClickHandler: [lv_dataItemClicked(android.database.Cursor)]
11:09:02.308 [Daemon] DEBUG o.a.p.ModelValidator:62 - Validating with ItemLongClickHandler: [lv_dataItemLongClicked(android.database.Cursor)]
11:09:02.310 [Daemon] DEBUG o.a.p.ModelValidator:62 - Validating with SystemServiceHandler: [notificationManager]
11:09:02.311 [Daemon] DEBUG o.a.p.ModelValidator:62 - Validating with AppHandler: [myApplication]
11:09:02.312 [Daemon] DEBUG o.a.p.ModelValidator:62 - Validating with TextChangeHandler: [onTextChangesOnEtSearch()]
11:09:02.314 [Daemon] DEBUG o.a.p.ModelValidator:62 - Validating with AfterViewsHandler: [afterViewLoad(), afterviewload(), afterView(), afterView(), afterView(), afterExcute()]
11:09:02.315 [Daemon] DEBUG o.a.p.ModelValidator:62 - Validating with UiThreadHandler: [testUIThead(int)]
11:09:02.315 [Daemon] DEBUG o.a.p.ModelValidator:62 - Validating with BackgroundHandler: [doSomethingInThead()]
11:09:02.354 [Daemon] INFO  o.a.p.ModelProcessor:73 - Processing root elements
11:09:02.354 [Daemon] DEBUG o.a.p.ModelProcessor:80 - Processing root elements EApplicationHandler: [com.example.mainproject.MyApplication]
11:09:02.378 [Daemon] DEBUG o.a.p.ModelProcessor:80 - Processing root elements EActivityHandler: [com.example.mainproject.HttpTestActivity, com.example.mainproject.SprinklesActivity, com.example.mainproject.MainActivity, com.example.mainproject.AnnotationActivity]
11:09:02.403 [Daemon] DEBUG o.a.p.ModelProcessor:80 - Processing root elements EFragmentHandler: [com.example.mainproject.LocationSelectFragment, com.example.mainproject.MyFragment]
11:09:02.405 [Daemon] INFO  o.a.p.ModelProcessor:104 - Processing enclosed elements
11:09:02.413 [Daemon] INFO  o.a.AndroidAnnotationProcessor:251 - Number of files generated by AndroidAnnotations: 7
11:09:02.415 [Daemon] INFO  o.a.g.ApiCodeGenerator:52 - Writting following API classes in project: []
11:09:02.417 [Daemon] DEBUG o.a.g.SourceCodewriter:55 - Generating class: com.example.mainproject.AnnotationActivity_
11:09:02.447 [Daemon] DEBUG o.a.g.SourceCodewriter:55 - Generating class: com.example.mainproject.HttpTestActivity_
11:09:02.470 [Daemon] DEBUG o.a.g.SourceCodewriter:55 - Generating class: com.example.mainproject.LocationSelectFragment_
11:09:02.481 [Daemon] DEBUG o.a.g.SourceCodewriter:55 - Generating class: com.example.mainproject.MainActivity_
11:09:02.505 [Daemon] DEBUG o.a.g.SourceCodewriter:55 - Generating class: com.example.mainproject.MyApplication_
11:09:02.509 [Daemon] DEBUG o.a.g.SourceCodewriter:55 - Generating class: com.example.mainproject.MyFragment_
11:09:02.522 [Daemon] DEBUG o.a.g.SourceCodewriter:55 - Generating class: com.example.mainproject.SprinklesActivity_
11:09:02.554 [Daemon] INFO  o.a.p.TimeStats:81 - Time measurements: [Whole Processing = 562 ms], [Extract Manifest = 175 ms], [Generate Sources = 141 ms], [Process Annotations = 97 ms], [Validate Annotations = 51 ms], [Find R Classes = 27 ms], [Extract Annotations = 20 ms], 
11:09:02.555 [Daemon] INFO  o.a.AndroidAnnotationProcessor:123 - Finish processing
11:10:57.243 [Daemon] INFO  o.a.AndroidAnnotationProcessor:85 - Initialize AndroidAnnotations 3.0.1 with options {androidManifestFile=E:\Development\github\MyAndroidProject\MyAndroidProject\mainProject\build\manifests\debug\AndroidManifest.xml}
11:10:57.436 [Daemon] INFO  o.a.AndroidAnnotationProcessor:109 - Start processing for 13 annotations on 20 elements
11:10:57.447 [Daemon] DEBUG o.a.h.AndroidManifestFinder:98 - AndroidManifest.xml file found with specified path: E:\Development\github\MyAndroidProject\MyAndroidProject\mainProject\build\manifests\debug\AndroidManifest.xml
11:10:57.558 [Daemon] INFO  o.a.AndroidAnnotationProcessor:172 - AndroidManifest.xml found: AndroidManifest [applicationPackage=com.example.mainproject, componentQualifiedNames=[com.example.mainproject.MainActivity_, com.example.mainproject.SettingsActivity, com.example.mainproject.HttpTestActivity_, com.example.mainproject.AnnotationActivity_, com.example.mainproject.SprinklesActivity_, com.example.mainproject.test.MainActivityTest], permissionQualifiedNames=[android.permission.INTERNET], applicationClassName=com.example.mainproject.MyApplication_, libraryProject=false, debugabble=false, minSdkVersion=11, maxSdkVersion=-1, targetSdkVersion=18]
11:10:57.559 [Daemon] INFO  o.a.r.ProjectRClassFinder:50 - Found project R class: com.example.mainproject.R
11:10:57.565 [Daemon] INFO  o.a.r.AndroidRClassFinder:44 - Found Android class: android.R
11:10:57.580 [Daemon] INFO  o.a.p.ModelValidator:42 - Validating elements
11:10:57.581 [Daemon] DEBUG o.a.p.ModelValidator:62 - Validating with EApplicationHandler: [com.example.mainproject.MyApplication]
11:10:57.581 [Daemon] DEBUG o.a.p.ModelValidator:62 - Validating with EActivityHandler: [com.example.mainproject.AnnotationActivity, com.example.mainproject.HttpTestActivity, com.example.mainproject.MainActivity, com.example.mainproject.SprinklesActivity]
11:10:57.584 [Daemon] DEBUG o.a.p.ModelValidator:62 - Validating with EFragmentHandler: [com.example.mainproject.LocationSelectFragment, com.example.mainproject.MyFragment]
11:10:57.586 [Daemon] DEBUG o.a.p.ModelValidator:62 - Validating with ViewByIdHandler: [tv_result, tv_result, sp_province, sp_city, sp_district, tv_testfragment, btn_test_notice, btn_add, et_val, lv_data, et_search, et_valforedit, btn_edit]
11:10:57.590 [Daemon] DEBUG o.a.p.ModelValidator:62 - Validating with ClickHandler: [testThread(), testGet(), testEntity(), testPost(), testUploadFile(), onClick(android.view.View), btn_sprinkles(), btn_locationSelect(), btn_test_notice(), btn_add(), btn_edit(), test_transaction(), test_transaction_async()]
11:10:57.595 [Daemon] DEBUG o.a.p.ModelValidator:62 - Validating with ItemClickHandler: [lv_dataItemClicked(android.database.Cursor)]
11:10:57.596 [Daemon] DEBUG o.a.p.ModelValidator:62 - Validating with ItemLongClickHandler: [lv_dataItemLongClicked(android.database.Cursor)]
11:10:57.598 [Daemon] DEBUG o.a.p.ModelValidator:62 - Validating with SystemServiceHandler: [notificationManager]
11:10:57.598 [Daemon] DEBUG o.a.p.ModelValidator:62 - Validating with AppHandler: [myApplication]
11:10:57.599 [Daemon] DEBUG o.a.p.ModelValidator:62 - Validating with TextChangeHandler: [onTextChangesOnEtSearch()]
11:10:57.600 [Daemon] DEBUG o.a.p.ModelValidator:62 - Validating with AfterViewsHandler: [afterViewLoad(), afterviewload(), afterView(), afterView(), afterView(), afterExcute()]
11:10:57.601 [Daemon] DEBUG o.a.p.ModelValidator:62 - Validating with UiThreadHandler: [testUIThead(int)]
11:10:57.601 [Daemon] DEBUG o.a.p.ModelValidator:62 - Validating with BackgroundHandler: [doSomethingInThead()]
11:10:57.608 [Daemon] INFO  o.a.p.ModelProcessor:73 - Processing root elements
11:10:57.608 [Daemon] DEBUG o.a.p.ModelProcessor:80 - Processing root elements EApplicationHandler: [com.example.mainproject.MyApplication]
11:10:57.619 [Daemon] DEBUG o.a.p.ModelProcessor:80 - Processing root elements EActivityHandler: [com.example.mainproject.HttpTestActivity, com.example.mainproject.AnnotationActivity, com.example.mainproject.MainActivity, com.example.mainproject.SprinklesActivity]
11:10:57.639 [Daemon] DEBUG o.a.p.ModelProcessor:80 - Processing root elements EFragmentHandler: [com.example.mainproject.MyFragment, com.example.mainproject.LocationSelectFragment]
11:10:57.642 [Daemon] INFO  o.a.p.ModelProcessor:104 - Processing enclosed elements
11:10:57.650 [Daemon] INFO  o.a.AndroidAnnotationProcessor:251 - Number of files generated by AndroidAnnotations: 7
11:10:57.652 [Daemon] INFO  o.a.g.ApiCodeGenerator:52 - Writting following API classes in project: []
11:10:57.654 [Daemon] DEBUG o.a.g.SourceCodewriter:55 - Generating class: com.example.mainproject.AnnotationActivity_
11:10:57.683 [Daemon] DEBUG o.a.g.SourceCodewriter:55 - Generating class: com.example.mainproject.HttpTestActivity_
11:10:57.706 [Daemon] DEBUG o.a.g.SourceCodewriter:55 - Generating class: com.example.mainproject.LocationSelectFragment_
11:10:57.718 [Daemon] DEBUG o.a.g.SourceCodewriter:55 - Generating class: com.example.mainproject.MainActivity_
11:10:57.742 [Daemon] DEBUG o.a.g.SourceCodewriter:55 - Generating class: com.example.mainproject.MyApplication_
11:10:57.745 [Daemon] DEBUG o.a.g.SourceCodewriter:55 - Generating class: com.example.mainproject.MyFragment_
11:10:57.758 [Daemon] DEBUG o.a.g.SourceCodewriter:55 - Generating class: com.example.mainproject.SprinklesActivity_
11:10:57.790 [Daemon] INFO  o.a.p.TimeStats:81 - Time measurements: [Whole Processing = 355 ms], [Generate Sources = 140 ms], [Extract Manifest = 112 ms], [Process Annotations = 48 ms], [Validate Annotations = 22 ms], [Find R Classes = 15 ms], [Extract Annotations = 10 ms], 
11:10:57.790 [Daemon] INFO  o.a.AndroidAnnotationProcessor:123 - Finish processing
11:14:09.876 [Daemon] INFO  o.a.AndroidAnnotationProcessor:85 - Initialize AndroidAnnotations 3.0.1 with options {androidManifestFile=E:\Development\github\MyAndroidProject\MyAndroidProject\mainProject\build\manifests\debug\AndroidManifest.xml}
11:14:10.70 [Daemon] INFO  o.a.AndroidAnnotationProcessor:109 - Start processing for 13 annotations on 20 elements
11:14:10.81 [Daemon] DEBUG o.a.h.AndroidManifestFinder:98 - AndroidManifest.xml file found with specified path: E:\Development\github\MyAndroidProject\MyAndroidProject\mainProject\build\manifests\debug\AndroidManifest.xml
11:14:10.190 [Daemon] INFO  o.a.AndroidAnnotationProcessor:172 - AndroidManifest.xml found: AndroidManifest [applicationPackage=com.example.mainproject, componentQualifiedNames=[com.example.mainproject.MainActivity_, com.example.mainproject.SettingsActivity, com.example.mainproject.HttpTestActivity_, com.example.mainproject.AnnotationActivity_, com.example.mainproject.SprinklesActivity_, com.example.mainproject.test.MainActivityTest], permissionQualifiedNames=[android.permission.INTERNET], applicationClassName=com.example.mainproject.MyApplication_, libraryProject=false, debugabble=false, minSdkVersion=11, maxSdkVersion=-1, targetSdkVersion=18]
11:14:10.192 [Daemon] INFO  o.a.r.ProjectRClassFinder:50 - Found project R class: com.example.mainproject.R
11:14:10.198 [Daemon] INFO  o.a.r.AndroidRClassFinder:44 - Found Android class: android.R
11:14:10.212 [Daemon] INFO  o.a.p.ModelValidator:42 - Validating elements
11:14:10.212 [Daemon] DEBUG o.a.p.ModelValidator:62 - Validating with EApplicationHandler: [com.example.mainproject.MyApplication]
11:14:10.213 [Daemon] DEBUG o.a.p.ModelValidator:62 - Validating with EActivityHandler: [com.example.mainproject.AnnotationActivity, com.example.mainproject.HttpTestActivity, com.example.mainproject.MainActivity, com.example.mainproject.SprinklesActivity]
11:14:10.216 [Daemon] DEBUG o.a.p.ModelValidator:62 - Validating with EFragmentHandler: [com.example.mainproject.LocationSelectFragment, com.example.mainproject.MyFragment]
11:14:10.217 [Daemon] DEBUG o.a.p.ModelValidator:62 - Validating with ViewByIdHandler: [tv_result, tv_result, sp_province, sp_city, sp_district, tv_testfragment, btn_test_notice, btn_add, et_val, lv_data, et_search, et_valforedit, btn_edit]
11:14:10.222 [Daemon] DEBUG o.a.p.ModelValidator:62 - Validating with ClickHandler: [testThread(), testGet(), testEntity(), testPost(), testUploadFile(), onClick(android.view.View), btn_sprinkles(), btn_locationSelect(), btn_test_notice(), btn_add(), btn_edit(), test_transaction(), test_transaction_async()]
11:14:10.226 [Daemon] DEBUG o.a.p.ModelValidator:62 - Validating with ItemClickHandler: [lv_dataItemClicked(android.database.Cursor)]
11:14:10.227 [Daemon] DEBUG o.a.p.ModelValidator:62 - Validating with ItemLongClickHandler: [lv_dataItemLongClicked(android.database.Cursor)]
11:14:10.229 [Daemon] DEBUG o.a.p.ModelValidator:62 - Validating with SystemServiceHandler: [notificationManager]
11:14:10.229 [Daemon] DEBUG o.a.p.ModelValidator:62 - Validating with AppHandler: [myApplication]
11:14:10.230 [Daemon] DEBUG o.a.p.ModelValidator:62 - Validating with TextChangeHandler: [onTextChangesOnEtSearch()]
11:14:10.231 [Daemon] DEBUG o.a.p.ModelValidator:62 - Validating with AfterViewsHandler: [afterViewLoad(), afterviewload(), afterView(), afterView(), afterView(), afterExcute()]
11:14:10.232 [Daemon] DEBUG o.a.p.ModelValidator:62 - Validating with UiThreadHandler: [testUIThead(int)]
11:14:10.232 [Daemon] DEBUG o.a.p.ModelValidator:62 - Validating with BackgroundHandler: [doSomethingInThead()]
11:14:10.238 [Daemon] INFO  o.a.p.ModelProcessor:73 - Processing root elements
11:14:10.239 [Daemon] DEBUG o.a.p.ModelProcessor:80 - Processing root elements EApplicationHandler: [com.example.mainproject.MyApplication]
11:14:10.249 [Daemon] DEBUG o.a.p.ModelProcessor:80 - Processing root elements EActivityHandler: [com.example.mainproject.AnnotationActivity, com.example.mainproject.MainActivity, com.example.mainproject.HttpTestActivity, com.example.mainproject.SprinklesActivity]
11:14:10.269 [Daemon] DEBUG o.a.p.ModelProcessor:80 - Processing root elements EFragmentHandler: [com.example.mainproject.LocationSelectFragment, com.example.mainproject.MyFragment]
11:14:10.271 [Daemon] INFO  o.a.p.ModelProcessor:104 - Processing enclosed elements
11:14:10.279 [Daemon] INFO  o.a.AndroidAnnotationProcessor:251 - Number of files generated by AndroidAnnotations: 7
11:14:10.281 [Daemon] INFO  o.a.g.ApiCodeGenerator:52 - Writting following API classes in project: []
11:14:10.282 [Daemon] DEBUG o.a.g.SourceCodewriter:55 - Generating class: com.example.mainproject.AnnotationActivity_
11:14:10.312 [Daemon] DEBUG o.a.g.SourceCodewriter:55 - Generating class: com.example.mainproject.HttpTestActivity_
11:14:10.334 [Daemon] DEBUG o.a.g.SourceCodewriter:55 - Generating class: com.example.mainproject.LocationSelectFragment_
11:14:10.346 [Daemon] DEBUG o.a.g.SourceCodewriter:55 - Generating class: com.example.mainproject.MainActivity_
11:14:10.370 [Daemon] DEBUG o.a.g.SourceCodewriter:55 - Generating class: com.example.mainproject.MyApplication_
11:14:10.374 [Daemon] DEBUG o.a.g.SourceCodewriter:55 - Generating class: com.example.mainproject.MyFragment_
11:14:10.387 [Daemon] DEBUG o.a.g.SourceCodewriter:55 - Generating class: com.example.mainproject.SprinklesActivity_
11:14:10.418 [Daemon] INFO  o.a.p.TimeStats:81 - Time measurements: [Whole Processing = 348 ms], [Generate Sources = 139 ms], [Extract Manifest = 110 ms], [Process Annotations = 47 ms], [Validate Annotations = 20 ms], [Find R Classes = 15 ms], [Extract Annotations = 9 ms], 
11:14:10.419 [Daemon] INFO  o.a.AndroidAnnotationProcessor:123 - Finish processing
11:14:33.385 [Daemon] INFO  o.a.AndroidAnnotationProcessor:85 - Initialize AndroidAnnotations 3.0.1 with options {androidManifestFile=E:\Development\github\MyAndroidProject\MyAndroidProject\mainProject\build\manifests\debug\AndroidManifest.xml}
11:14:33.428 [Daemon] INFO  o.a.AndroidAnnotationProcessor:109 - Start processing for 13 annotations on 20 elements
11:14:33.436 [Daemon] DEBUG o.a.h.AndroidManifestFinder:98 - AndroidManifest.xml file found with specified path: E:\Development\github\MyAndroidProject\MyAndroidProject\mainProject\build\manifests\debug\AndroidManifest.xml
11:14:33.441 [Daemon] INFO  o.a.AndroidAnnotationProcessor:172 - AndroidManifest.xml found: AndroidManifest [applicationPackage=com.example.mainproject, componentQualifiedNames=[com.example.mainproject.MainActivity_, com.example.mainproject.SettingsActivity, com.example.mainproject.HttpTestActivity_, com.example.mainproject.AnnotationActivity_, com.example.mainproject.SprinklesActivity_, com.example.mainproject.test.MainActivityTest], permissionQualifiedNames=[android.permission.INTERNET], applicationClassName=com.example.mainproject.MyApplication_, libraryProject=false, debugabble=false, minSdkVersion=11, maxSdkVersion=-1, targetSdkVersion=18]
11:14:33.442 [Daemon] INFO  o.a.r.ProjectRClassFinder:50 - Found project R class: com.example.mainproject.R
11:14:33.445 [Daemon] INFO  o.a.r.AndroidRClassFinder:44 - Found Android class: android.R
11:14:33.457 [Daemon] INFO  o.a.p.ModelValidator:42 - Validating elements
11:14:33.458 [Daemon] DEBUG o.a.p.ModelValidator:62 - Validating with EApplicationHandler: [com.example.mainproject.MyApplication]
11:14:33.458 [Daemon] DEBUG o.a.p.ModelValidator:62 - Validating with EActivityHandler: [com.example.mainproject.AnnotationActivity, com.example.mainproject.HttpTestActivity, com.example.mainproject.MainActivity, com.example.mainproject.SprinklesActivity]
11:14:33.460 [Daemon] DEBUG o.a.p.ModelValidator:62 - Validating with EFragmentHandler: [com.example.mainproject.LocationSelectFragment, com.example.mainproject.MyFragment]
11:14:33.462 [Daemon] DEBUG o.a.p.ModelValidator:62 - Validating with ViewByIdHandler: [tv_result, tv_result, sp_province, sp_city, sp_district, tv_testfragment, btn_test_notice, btn_add, et_val, lv_data, et_search, et_valforedit, btn_edit]
11:14:33.466 [Daemon] DEBUG o.a.p.ModelValidator:62 - Validating with ClickHandler: [testThread(), testGet(), testEntity(), testPost(), testUploadFile(), onClick(android.view.View), btn_sprinkles(), btn_locationSelect(), btn_test_notice(), btn_add(), btn_edit(), test_transaction(), test_transaction_async()]
11:14:33.470 [Daemon] DEBUG o.a.p.ModelValidator:62 - Validating with ItemClickHandler: [lv_dataItemClicked(android.database.Cursor)]
11:14:33.472 [Daemon] DEBUG o.a.p.ModelValidator:62 - Validating with ItemLongClickHandler: [lv_dataItemLongClicked(android.database.Cursor)]
11:14:33.473 [Daemon] DEBUG o.a.p.ModelValidator:62 - Validating with SystemServiceHandler: [notificationManager]
11:14:33.474 [Daemon] DEBUG o.a.p.ModelValidator:62 - Validating with AppHandler: [myApplication]
11:14:33.474 [Daemon] DEBUG o.a.p.ModelValidator:62 - Validating with TextChangeHandler: [onTextChangesOnEtSearch()]
11:14:33.475 [Daemon] DEBUG o.a.p.ModelValidator:62 - Validating with AfterViewsHandler: [afterViewLoad(), afterviewload(), afterView(), afterView(), afterView(), afterExcute()]
11:14:33.476 [Daemon] DEBUG o.a.p.ModelValidator:62 - Validating with UiThreadHandler: [testUIThead(int)]
11:14:33.476 [Daemon] DEBUG o.a.p.ModelValidator:62 - Validating with BackgroundHandler: [doSomethingInThead()]
11:14:33.483 [Daemon] INFO  o.a.p.ModelProcessor:73 - Processing root elements
11:14:33.483 [Daemon] DEBUG o.a.p.ModelProcessor:80 - Processing root elements EApplicationHandler: [com.example.mainproject.MyApplication]
11:14:33.494 [Daemon] DEBUG o.a.p.ModelProcessor:80 - Processing root elements EActivityHandler: [com.example.mainproject.MainActivity, com.example.mainproject.HttpTestActivity, com.example.mainproject.SprinklesActivity, com.example.mainproject.AnnotationActivity]
11:14:33.507 [Daemon] DEBUG o.a.p.ModelProcessor:80 - Processing root elements EFragmentHandler: [com.example.mainproject.LocationSelectFragment, com.example.mainproject.MyFragment]
11:14:33.509 [Daemon] INFO  o.a.p.ModelProcessor:104 - Processing enclosed elements
11:14:33.517 [Daemon] INFO  o.a.AndroidAnnotationProcessor:251 - Number of files generated by AndroidAnnotations: 7
11:14:33.518 [Daemon] INFO  o.a.g.ApiCodeGenerator:52 - Writting following API classes in project: []
11:14:33.519 [Daemon] DEBUG o.a.g.SourceCodewriter:55 - Generating class: com.example.mainproject.AnnotationActivity_
11:14:33.547 [Daemon] DEBUG o.a.g.SourceCodewriter:55 - Generating class: com.example.mainproject.HttpTestActivity_
11:14:33.569 [Daemon] DEBUG o.a.g.SourceCodewriter:55 - Generating class: com.example.mainproject.LocationSelectFragment_
11:14:33.581 [Daemon] DEBUG o.a.g.SourceCodewriter:55 - Generating class: com.example.mainproject.MainActivity_
11:14:33.605 [Daemon] DEBUG o.a.g.SourceCodewriter:55 - Generating class: com.example.mainproject.MyApplication_
11:14:33.609 [Daemon] DEBUG o.a.g.SourceCodewriter:55 - Generating class: com.example.mainproject.MyFragment_
11:14:33.623 [Daemon] DEBUG o.a.g.SourceCodewriter:55 - Generating class: com.example.mainproject.SprinklesActivity_
11:14:33.656 [Daemon] INFO  o.a.p.TimeStats:81 - Time measurements: [Whole Processing = 228 ms], [Generate Sources = 140 ms], [Process Annotations = 39 ms], [Validate Annotations = 20 ms], [Find R Classes = 10 ms], [Extract Annotations = 7 ms], [Extract Manifest = 6 ms], 
11:14:33.657 [Daemon] INFO  o.a.AndroidAnnotationProcessor:123 - Finish processing
11:15:16.172 [Daemon] INFO  o.a.AndroidAnnotationProcessor:85 - Initialize AndroidAnnotations 3.0.1 with options {androidManifestFile=E:\Development\github\MyAndroidProject\MyAndroidProject\mainProject\build\manifests\debug\AndroidManifest.xml}
11:15:16.213 [Daemon] INFO  o.a.AndroidAnnotationProcessor:109 - Start processing for 13 annotations on 20 elements
11:15:16.222 [Daemon] DEBUG o.a.h.AndroidManifestFinder:98 - AndroidManifest.xml file found with specified path: E:\Development\github\MyAndroidProject\MyAndroidProject\mainProject\build\manifests\debug\AndroidManifest.xml
11:15:16.226 [Daemon] INFO  o.a.AndroidAnnotationProcessor:172 - AndroidManifest.xml found: AndroidManifest [applicationPackage=com.example.mainproject, componentQualifiedNames=[com.example.mainproject.MainActivity_, com.example.mainproject.SettingsActivity, com.example.mainproject.HttpTestActivity_, com.example.mainproject.AnnotationActivity_, com.example.mainproject.SprinklesActivity_, com.example.mainproject.test.MainActivityTest], permissionQualifiedNames=[android.permission.INTERNET], applicationClassName=com.example.mainproject.MyApplication_, libraryProject=false, debugabble=false, minSdkVersion=11, maxSdkVersion=-1, targetSdkVersion=18]
11:15:16.227 [Daemon] INFO  o.a.r.ProjectRClassFinder:50 - Found project R class: com.example.mainproject.R
11:15:16.230 [Daemon] INFO  o.a.r.AndroidRClassFinder:44 - Found Android class: android.R
11:15:16.242 [Daemon] INFO  o.a.p.ModelValidator:42 - Validating elements
11:15:16.243 [Daemon] DEBUG o.a.p.ModelValidator:62 - Validating with EApplicationHandler: [com.example.mainproject.MyApplication]
11:15:16.244 [Daemon] DEBUG o.a.p.ModelValidator:62 - Validating with EActivityHandler: [com.example.mainproject.AnnotationActivity, com.example.mainproject.HttpTestActivity, com.example.mainproject.MainActivity, com.example.mainproject.SprinklesActivity]
11:15:16.248 [Daemon] DEBUG o.a.p.ModelValidator:62 - Validating with EFragmentHandler: [com.example.mainproject.LocationSelectFragment, com.example.mainproject.MyFragment]
11:15:16.249 [Daemon] DEBUG o.a.p.ModelValidator:62 - Validating with ViewByIdHandler: [tv_result, tv_result, sp_province, sp_city, sp_district, tv_testfragment, btn_test_notice, btn_add, et_val, lv_data, et_search, et_valforedit, btn_edit]
11:15:16.253 [Daemon] DEBUG o.a.p.ModelValidator:62 - Validating with ClickHandler: [testThread(), testGet(), testEntity(), testPost(), testUploadFile(), onClick(android.view.View), btn_sprinkles(), btn_locationSelect(), btn_test_notice(), btn_add(), btn_edit(), test_transaction(), test_transaction_async()]
11:15:16.257 [Daemon] DEBUG o.a.p.ModelValidator:62 - Validating with ItemClickHandler: [lv_dataItemClicked(android.database.Cursor)]
11:15:16.258 [Daemon] DEBUG o.a.p.ModelValidator:62 - Validating with ItemLongClickHandler: [lv_dataItemLongClicked(android.database.Cursor)]
11:15:16.260 [Daemon] DEBUG o.a.p.ModelValidator:62 - Validating with SystemServiceHandler: [notificationManager]
11:15:16.261 [Daemon] DEBUG o.a.p.ModelValidator:62 - Validating with AppHandler: [myApplication]
11:15:16.261 [Daemon] DEBUG o.a.p.ModelValidator:62 - Validating with TextChangeHandler: [onTextChangesOnEtSearch()]
11:15:16.262 [Daemon] DEBUG o.a.p.ModelValidator:62 - Validating with AfterViewsHandler: [afterViewLoad(), afterviewload(), afterView(), afterView(), afterView(), afterExcute()]
11:15:16.263 [Daemon] DEBUG o.a.p.ModelValidator:62 - Validating with UiThreadHandler: [testUIThead(int)]
11:15:16.263 [Daemon] DEBUG o.a.p.ModelValidator:62 - Validating with BackgroundHandler: [doSomethingInThead()]
11:15:16.270 [Daemon] INFO  o.a.p.ModelProcessor:73 - Processing root elements
11:15:16.270 [Daemon] DEBUG o.a.p.ModelProcessor:80 - Processing root elements EApplicationHandler: [com.example.mainproject.MyApplication]
11:15:16.281 [Daemon] DEBUG o.a.p.ModelProcessor:80 - Processing root elements EActivityHandler: [com.example.mainproject.MainActivity, com.example.mainproject.HttpTestActivity, com.example.mainproject.SprinklesActivity, com.example.mainproject.AnnotationActivity]
11:15:16.294 [Daemon] DEBUG o.a.p.ModelProcessor:80 - Processing root elements EFragmentHandler: [com.example.mainproject.MyFragment, com.example.mainproject.LocationSelectFragment]
11:15:16.296 [Daemon] INFO  o.a.p.ModelProcessor:104 - Processing enclosed elements
11:15:16.303 [Daemon] INFO  o.a.AndroidAnnotationProcessor:251 - Number of files generated by AndroidAnnotations: 7
11:15:16.305 [Daemon] INFO  o.a.g.ApiCodeGenerator:52 - Writting following API classes in project: []
11:15:16.306 [Daemon] DEBUG o.a.g.SourceCodewriter:55 - Generating class: com.example.mainproject.AnnotationActivity_
11:15:16.333 [Daemon] DEBUG o.a.g.SourceCodewriter:55 - Generating class: com.example.mainproject.HttpTestActivity_
11:15:16.356 [Daemon] DEBUG o.a.g.SourceCodewriter:55 - Generating class: com.example.mainproject.LocationSelectFragment_
11:15:16.367 [Daemon] DEBUG o.a.g.SourceCodewriter:55 - Generating class: com.example.mainproject.MainActivity_
11:15:16.391 [Daemon] DEBUG o.a.g.SourceCodewriter:55 - Generating class: com.example.mainproject.MyApplication_
11:15:16.395 [Daemon] DEBUG o.a.g.SourceCodewriter:55 - Generating class: com.example.mainproject.MyFragment_
11:15:16.408 [Daemon] DEBUG o.a.g.SourceCodewriter:55 - Generating class: com.example.mainproject.SprinklesActivity_
11:15:16.439 [Daemon] INFO  o.a.p.TimeStats:81 - Time measurements: [Whole Processing = 226 ms], [Generate Sources = 136 ms], [Process Annotations = 39 ms], [Validate Annotations = 22 ms], [Find R Classes = 11 ms], [Extract Annotations = 7 ms], [Extract Manifest = 5 ms], 
11:15:16.440 [Daemon] INFO  o.a.AndroidAnnotationProcessor:123 - Finish processing
